#
# There is insufficient memory for the Java Runtime Environment to continue.
# Native memory allocation (malloc) failed to allocate 793616 bytes for Chunk::new
# Possible reasons:
#   The system is out of physical RAM or swap space
#   The process is running with CompressedOops enabled, and the Java Heap may be blocking the growth of the native heap
# Possible solutions:
#   Reduce memory load on the system
#   Increase physical memory or swap space
#   Check if swap backing store is full
#   Decrease Java heap size (-Xmx/-Xms)
#   Decrease number of Java threads
#   Decrease Java thread stack sizes (-Xss)
#   Set larger code cache with -XX:ReservedCodeCacheSize=
#   JVM is running with Unscaled Compressed Oops mode in which the Java heap is
#     placed in the first 4GB address space. The Java Heap base address is the
#     maximum limit for the native heap growth. Please use -XX:HeapBaseMinAddress
#     to set the Java Heap base and to place the Java Heap above 4GB virtual address.
# This output file may be truncated or incomplete.
#
#  Out of Memory Error (t:/workspace/open/src/hotspot/share/memory/arena.cpp:197), pid=11160, tid=10856
#
# JRE version: OpenJDK Runtime Environment (11.0.1+13) (build 11.0.1+13)
# Java VM: OpenJDK 64-Bit Server VM (11.0.1+13, mixed mode, tiered, compressed oops, g1 gc, windows-amd64)
# No core dump will be written. Minidumps are not enabled by default on client versions of Windows
#

---------------  S U M M A R Y ------------

Command Line: -ea -javaagent:C:\AbinBevDemo\Maz-automation\target/agent/zebrunner-agent.jar -Dfile.encoding=Cp1252 org.testng.remote.RemoteTestNG -serport 53936 -protocol json -d C:\AbinBevDemo\Maz-automation\test-output C:\AbinBevDemo\Maz-automation\src\test\resources\testng_suites\cucumber-web.xml

Host: Intel(R) Core(TM) i3-3120M CPU @ 2.50GHz, 4 cores, 5G,  Windows 8.1 , 64 bit Build 9600 (6.3.9600.20062)
Time: Thu Feb 10 20:06:03 2022 India Standard Time elapsed time: 42 seconds (0d 0h 0m 42s)

---------------  T H R E A D  ---------------

Current thread (0x0000009dff75c800):  JavaThread "C2 CompilerThread0" daemon [_thread_in_native, id=10856, stack(0x0000009d99330000,0x0000009d99430000)]


Current CompileTask:
C2:  42969 3908       4       net.bytebuddy.jar.asm.ClassReader::readField (667 bytes)

Stack: [0x0000009d99330000,0x0000009d99430000]
Native frames: (J=compiled Java code, j=interpreted, Vv=VM code, C=native code)
V  [jvm.dll+0x63ad9a]
V  [jvm.dll+0x77851f]
V  [jvm.dll+0x779b08]
V  [jvm.dll+0x77a1c3]
V  [jvm.dll+0x2624c8]
V  [jvm.dll+0xc5b61]
V  [jvm.dll+0xc60fc]
V  [jvm.dll+0x36e5f2]
V  [jvm.dll+0x1ad861]
V  [jvm.dll+0x21c472]
V  [jvm.dll+0x21b50a]
V  [jvm.dll+0x198400]
V  [jvm.dll+0x22a4ff]
V  [jvm.dll+0x228b18]
V  [jvm.dll+0x73dc2d]
V  [jvm.dll+0x639e32]
C  [ucrtbase.DLL+0x1d885]
C  [KERNEL32.DLL+0x1412]
C  [ntdll.dll+0x154f4]


---------------  P R O C E S S  ---------------

Threads class SMR info:
_java_thread_list=0x0000009d9db632a0, length=20, elements={
0x0000009dfac0e800, 0x0000009dff6f2800, 0x0000009dff6fc800, 0x0000009dff758000,
0x0000009dff75b800, 0x0000009dff75c800, 0x0000009dff7ad800, 0x0000009dff7bf000,
0x0000009dfec76800, 0x0000009d9ab8f800, 0x0000009d9ac05000, 0x0000009d9af36800,
0x0000009d9c3c6800, 0x0000009d9c1a5800, 0x0000009d9f6cb800, 0x0000009da0c6f800,
0x0000009d9b007800, 0x0000009d9d843800, 0x0000009d9dd81800, 0x0000009d9acde000
}

Java Threads: ( => current thread )
  0x0000009dfac0e800 JavaThread "main" [_thread_blocked, id=12040, stack(0x0000009df8cc0000,0x0000009df8dc0000)]
  0x0000009dff6f2800 JavaThread "Reference Handler" daemon [_thread_blocked, id=9824, stack(0x0000009dffbf0000,0x0000009dffcf0000)]
  0x0000009dff6fc800 JavaThread "Finalizer" daemon [_thread_blocked, id=4496, stack(0x0000009dffcf0000,0x0000009dffdf0000)]
  0x0000009dff758000 JavaThread "Signal Dispatcher" daemon [_thread_blocked, id=4060, stack(0x0000009dffed0000,0x0000009dfffd0000)]
  0x0000009dff75b800 JavaThread "Attach Listener" daemon [_thread_blocked, id=9740, stack(0x0000009d99230000,0x0000009d99330000)]
=>0x0000009dff75c800 JavaThread "C2 CompilerThread0" daemon [_thread_in_native, id=10856, stack(0x0000009d99330000,0x0000009d99430000)]
  0x0000009dff7ad800 JavaThread "C1 CompilerThread0" daemon [_thread_blocked, id=11944, stack(0x0000009d99430000,0x0000009d99530000)]
  0x0000009dff7bf000 JavaThread "Sweeper thread" daemon [_thread_blocked, id=10108, stack(0x0000009d99530000,0x0000009d99630000)]
  0x0000009dfec76800 JavaThread "Common-Cleaner" daemon [_thread_blocked, id=9920, stack(0x0000009d99630000,0x0000009d99730000)]
  0x0000009d9ab8f800 JavaThread "Service Thread" daemon [_thread_blocked, id=3584, stack(0x0000009d9b500000,0x0000009d9b600000)]
  0x0000009d9ac05000 JavaThread "ReaderThread" [_thread_in_native, id=1112, stack(0x0000009d9cd70000,0x0000009d9ce70000)]
  0x0000009d9af36800 JavaThread "TestNG-PoolService-0" [_thread_blocked, id=6068, stack(0x0000009d9ffb0000,0x0000009da00b0000)]
  0x0000009d9c3c6800 JavaThread "ForkJoinPool.commonPool-worker-3" daemon [_thread_blocked, id=10888, stack(0x0000009da1300000,0x0000009da1400000)]
  0x0000009d9c1a5800 JavaThread "ForkJoinPool.commonPool-worker-5" daemon [_thread_blocked, id=1128, stack(0x0000009da3c20000,0x0000009da3d20000)]
  0x0000009d9f6cb800 JavaThread "ForkJoinPool.commonPool-worker-7" daemon [_thread_blocked, id=5048, stack(0x0000009da41b0000,0x0000009da42b0000)]
  0x0000009da0c6f800 JavaThread "OkHttp ConnectionPool" daemon [_thread_blocked, id=7496, stack(0x0000009da3f70000,0x0000009da4070000)]
  0x0000009d9b007800 JavaThread "Okio Watchdog" daemon [_thread_blocked, id=496, stack(0x0000009da4070000,0x0000009da4170000)]
  0x0000009d9d843800 JavaThread "Forwarding get on session 9cc9c5cf4bf2ef0d6c8aa5ca8990631f to remote" [_thread_in_native, id=4984, stack(0x0000009da43b0000,0x0000009da44b0000)]
  0x0000009d9dd81800 JavaThread "C2 CompilerThread1" daemon [_thread_blocked, id=11060, stack(0x0000009da45b0000,0x0000009da46b0000)]
  0x0000009d9acde000 JavaThread "Forwarding quit on session 9cc9c5cf4bf2ef0d6c8aa5ca8990631f to remote" [_thread_in_native, id=8264, stack(0x0000009da46b0000,0x0000009da47b0000)]

Other Threads:
  0x0000009dfecb9000 VMThread "VM Thread" [stack: 0x0000009dffaf0000,0x0000009dffbf0000] [id=9560]
  0x0000009d9ab04800 WatcherThread [stack: 0x0000009d9b600000,0x0000009d9b700000] [id=8468]
  0x0000009dfac24800 GCTaskThread "GC Thread#0" [stack: 0x0000009dfa570000,0x0000009dfa670000] [id=5692]
  0x0000009d99a2f800 GCTaskThread "GC Thread#1" [stack: 0x0000009d9a030000,0x0000009d9a130000] [id=7880]
  0x0000009d9ab88800 GCTaskThread "GC Thread#2" [stack: 0x0000009d9d270000,0x0000009d9d370000] [id=5568]
  0x0000009d99962000 GCTaskThread "GC Thread#3" [stack: 0x0000009d9d370000,0x0000009d9d470000] [id=4756]
  0x0000009dfac49000 ConcurrentGCThread "G1 Main Marker" [stack: 0x0000009dfe4b0000,0x0000009dfe5b0000] [id=9144]
  0x0000009dfac4c800 ConcurrentGCThread "G1 Conc#0" [stack: 0x0000009dfe5b0000,0x0000009dfe6b0000] [id=9680]
  0x0000009dfeb24800 ConcurrentGCThread "G1 Refine#0" [stack: 0x0000009dfecf0000,0x0000009dfedf0000] [id=9140]
  0x0000009dfeb26000 ConcurrentGCThread "G1 Young RemSet Sampling" [stack: 0x0000009dfedf0000,0x0000009dfeef0000] [id=4828]

Threads with active compile tasks:
C2 CompilerThread03908       4       net.bytebuddy.jar.asm.ClassReader::readField (667 bytes)

VM state:not at safepoint (normal execution)

VM Mutex/Monitor currently owned by a thread: None

Heap address: 0x00000000a1c00000, size: 1508 MB, Compressed Oops mode: 32-bit
Narrow klass base: 0x0000000000000000, Narrow klass shift: 3
Compressed class space size: 1073741824 Address: 0x0000000100000000

Heap:
 garbage-first heap   total 98304K, used 34777K [0x00000000a1c00000, 0x0000000100000000)
  region size 1024K, 19 young (19456K), 6 survivors (6144K)
 Metaspace       used 42013K, capacity 43210K, committed 43436K, reserved 1087488K
  class space    used 5135K, capacity 5607K, committed 5632K, reserved 1048576K
Heap Regions: E=young(eden), S=young(survivor), O=old, HS=humongous(starts), HC=humongous(continues), CS=collection set, F=free, A=archive, TAMS=top-at-mark-start (previous, next)
|   0|0x00000000a1c00000, 0x00000000a1d00000, 0x00000000a1d00000|100%|HS|  |TAMS 0x00000000a1d00000, 0x00000000a1c00000| Complete 
|   1|0x00000000a1d00000, 0x00000000a1e00000, 0x00000000a1e00000|100%| O|  |TAMS 0x00000000a1e00000, 0x00000000a1d00000| Untracked 
|   2|0x00000000a1e00000, 0x00000000a1f00000, 0x00000000a1f00000|100%| O|  |TAMS 0x00000000a1f00000, 0x00000000a1e00000| Untracked 
|   3|0x00000000a1f00000, 0x00000000a2000000, 0x00000000a2000000|100%| O|  |TAMS 0x00000000a2000000, 0x00000000a1f00000| Untracked 
|   4|0x00000000a2000000, 0x00000000a2100000, 0x00000000a2100000|100%| O|  |TAMS 0x00000000a2100000, 0x00000000a2000000| Untracked 
|   5|0x00000000a2100000, 0x00000000a2200000, 0x00000000a2200000|100%| O|  |TAMS 0x00000000a2200000, 0x00000000a2100000| Untracked 
|   6|0x00000000a2200000, 0x00000000a2300000, 0x00000000a2300000|100%| O|  |TAMS 0x00000000a2300000, 0x00000000a2200000| Untracked 
|   7|0x00000000a2300000, 0x00000000a2400000, 0x00000000a2400000|100%| O|  |TAMS 0x00000000a2400000, 0x00000000a2300000| Untracked 
|   8|0x00000000a2400000, 0x00000000a2500000, 0x00000000a2500000|100%| O|  |TAMS 0x00000000a2500000, 0x00000000a2400000| Untracked 
|   9|0x00000000a2500000, 0x00000000a2600000, 0x00000000a2600000|100%| O|  |TAMS 0x00000000a2600000, 0x00000000a2500000| Untracked 
|  10|0x00000000a2600000, 0x00000000a2700000, 0x00000000a2700000|100%| O|  |TAMS 0x00000000a2700000, 0x00000000a2600000| Untracked 
|  11|0x00000000a2700000, 0x00000000a2800000, 0x00000000a2800000|100%| O|  |TAMS 0x00000000a2800000, 0x00000000a2700000| Untracked 
|  12|0x00000000a2800000, 0x00000000a2900000, 0x00000000a2900000|100%| O|  |TAMS 0x00000000a2900000, 0x00000000a2800000| Untracked 
|  13|0x00000000a2900000, 0x00000000a2a00000, 0x00000000a2a00000|100%| O|  |TAMS 0x00000000a2a00000, 0x00000000a2900000| Untracked 
|  14|0x00000000a2a00000, 0x00000000a2b00000, 0x00000000a2b00000|100%| O|  |TAMS 0x00000000a2aa7408, 0x00000000a2a00000| Untracked 
|  15|0x00000000a2b00000, 0x00000000a2c00000, 0x00000000a2c00000|100%| O|  |TAMS 0x00000000a2b00000, 0x00000000a2b00000| Untracked 
|  16|0x00000000a2c00000, 0x00000000a2c08800, 0x00000000a2d00000|  3%| O|  |TAMS 0x00000000a2c00000, 0x00000000a2c00000| Untracked 
|  17|0x00000000a2d00000, 0x00000000a2d00000, 0x00000000a2e00000|  0%| F|  |TAMS 0x00000000a2d00000, 0x00000000a2d00000| Untracked 
|  18|0x00000000a2e00000, 0x00000000a2e00000, 0x00000000a2f00000|  0%| F|  |TAMS 0x00000000a2e00000, 0x00000000a2e00000| Untracked 
|  19|0x00000000a2f00000, 0x00000000a2f00000, 0x00000000a3000000|  0%| F|  |TAMS 0x00000000a2f00000, 0x00000000a2f00000| Untracked 
|  20|0x00000000a3000000, 0x00000000a3000000, 0x00000000a3100000|  0%| F|  |TAMS 0x00000000a3000000, 0x00000000a3000000| Untracked 
|  21|0x00000000a3100000, 0x00000000a3100000, 0x00000000a3200000|  0%| F|  |TAMS 0x00000000a3100000, 0x00000000a3100000| Untracked 
|  22|0x00000000a3200000, 0x00000000a3200000, 0x00000000a3300000|  0%| F|  |TAMS 0x00000000a3200000, 0x00000000a3200000| Untracked 
|  23|0x00000000a3300000, 0x00000000a3300000, 0x00000000a3400000|  0%| F|  |TAMS 0x00000000a3300000, 0x00000000a3300000| Untracked 
|  24|0x00000000a3400000, 0x00000000a3400000, 0x00000000a3500000|  0%| F|  |TAMS 0x00000000a3400000, 0x00000000a3400000| Untracked 
|  25|0x00000000a3500000, 0x00000000a3500000, 0x00000000a3600000|  0%| F|  |TAMS 0x00000000a3500000, 0x00000000a3500000| Untracked 
|  26|0x00000000a3600000, 0x00000000a3600000, 0x00000000a3700000|  0%| F|  |TAMS 0x00000000a3600000, 0x00000000a3600000| Untracked 
|  27|0x00000000a3700000, 0x00000000a3700000, 0x00000000a3800000|  0%| F|  |TAMS 0x00000000a3700000, 0x00000000a3700000| Untracked 
|  28|0x00000000a3800000, 0x00000000a3800000, 0x00000000a3900000|  0%| F|  |TAMS 0x00000000a3800000, 0x00000000a3800000| Untracked 
|  29|0x00000000a3900000, 0x00000000a3900000, 0x00000000a3a00000|  0%| F|  |TAMS 0x00000000a3900000, 0x00000000a3900000| Untracked 
|  30|0x00000000a3a00000, 0x00000000a3a00000, 0x00000000a3b00000|  0%| F|  |TAMS 0x00000000a3a00000, 0x00000000a3a00000| Untracked 
|  31|0x00000000a3b00000, 0x00000000a3b00000, 0x00000000a3c00000|  0%| F|  |TAMS 0x00000000a3b00000, 0x00000000a3b00000| Untracked 
|  32|0x00000000a3c00000, 0x00000000a3c00000, 0x00000000a3d00000|  0%| F|  |TAMS 0x00000000a3c00000, 0x00000000a3c00000| Untracked 
|  33|0x00000000a3d00000, 0x00000000a3d00000, 0x00000000a3e00000|  0%| F|  |TAMS 0x00000000a3d00000, 0x00000000a3d00000| Untracked 
|  34|0x00000000a3e00000, 0x00000000a3e00000, 0x00000000a3f00000|  0%| F|  |TAMS 0x00000000a3e00000, 0x00000000a3e00000| Untracked 
|  35|0x00000000a3f00000, 0x00000000a3fedd80, 0x00000000a4000000| 92%| S|CS|TAMS 0x00000000a3f00000, 0x00000000a3f00000| Complete 
|  36|0x00000000a4000000, 0x00000000a4100000, 0x00000000a4100000|100%| S|CS|TAMS 0x00000000a4000000, 0x00000000a4000000| Complete 
|  37|0x00000000a4100000, 0x00000000a4200000, 0x00000000a4200000|100%| S|CS|TAMS 0x00000000a4100000, 0x00000000a4100000| Complete 
|  38|0x00000000a4200000, 0x00000000a4300000, 0x00000000a4300000|100%| S|CS|TAMS 0x00000000a4200000, 0x00000000a4200000| Complete 
|  39|0x00000000a4300000, 0x00000000a4400000, 0x00000000a4400000|100%| S|CS|TAMS 0x00000000a4300000, 0x00000000a4300000| Complete 
|  40|0x00000000a4400000, 0x00000000a4500000, 0x00000000a4500000|100%| S|CS|TAMS 0x00000000a4400000, 0x00000000a4400000| Complete 
|  41|0x00000000a4500000, 0x00000000a4500000, 0x00000000a4600000|  0%| F|  |TAMS 0x00000000a4500000, 0x00000000a4500000| Untracked 
|  42|0x00000000a4600000, 0x00000000a4600000, 0x00000000a4700000|  0%| F|  |TAMS 0x00000000a4600000, 0x00000000a4600000| Untracked 
|  43|0x00000000a4700000, 0x00000000a4700000, 0x00000000a4800000|  0%| F|  |TAMS 0x00000000a4700000, 0x00000000a4700000| Untracked 
|  44|0x00000000a4800000, 0x00000000a4800000, 0x00000000a4900000|  0%| F|  |TAMS 0x00000000a4800000, 0x00000000a4800000| Untracked 
|  45|0x00000000a4900000, 0x00000000a4900000, 0x00000000a4a00000|  0%| F|  |TAMS 0x00000000a4900000, 0x00000000a4900000| Untracked 
|  46|0x00000000a4a00000, 0x00000000a4a00000, 0x00000000a4b00000|  0%| F|  |TAMS 0x00000000a4a00000, 0x00000000a4a00000| Untracked 
|  47|0x00000000a4b00000, 0x00000000a4b00000, 0x00000000a4c00000|  0%| F|  |TAMS 0x00000000a4b00000, 0x00000000a4b00000| Untracked 
|  48|0x00000000a4c00000, 0x00000000a4c00000, 0x00000000a4d00000|  0%| F|  |TAMS 0x00000000a4c00000, 0x00000000a4c00000| Untracked 
|  49|0x00000000a4d00000, 0x00000000a4d00000, 0x00000000a4e00000|  0%| F|  |TAMS 0x00000000a4d00000, 0x00000000a4d00000| Untracked 
|  50|0x00000000a4e00000, 0x00000000a4e00000, 0x00000000a4f00000|  0%| F|  |TAMS 0x00000000a4e00000, 0x00000000a4e00000| Untracked 
|  51|0x00000000a4f00000, 0x00000000a4f00000, 0x00000000a5000000|  0%| F|  |TAMS 0x00000000a4f00000, 0x00000000a4f00000| Untracked 
|  52|0x00000000a5000000, 0x00000000a5000000, 0x00000000a5100000|  0%| F|  |TAMS 0x00000000a5000000, 0x00000000a5000000| Untracked 
|  53|0x00000000a5100000, 0x00000000a5100000, 0x00000000a5200000|  0%| F|  |TAMS 0x00000000a5100000, 0x00000000a5100000| Untracked 
|  54|0x00000000a5200000, 0x00000000a5200000, 0x00000000a5300000|  0%| F|  |TAMS 0x00000000a5200000, 0x00000000a5200000| Untracked 
|  55|0x00000000a5300000, 0x00000000a5300000, 0x00000000a5400000|  0%| F|  |TAMS 0x00000000a5300000, 0x00000000a5300000| Untracked 
|  56|0x00000000a5400000, 0x00000000a5400000, 0x00000000a5500000|  0%| F|  |TAMS 0x00000000a5400000, 0x00000000a5400000| Untracked 
|  57|0x00000000a5500000, 0x00000000a5500000, 0x00000000a5600000|  0%| F|  |TAMS 0x00000000a5500000, 0x00000000a5500000| Untracked 
|  58|0x00000000a5600000, 0x00000000a5600000, 0x00000000a5700000|  0%| F|  |TAMS 0x00000000a5600000, 0x00000000a5600000| Untracked 
|  59|0x00000000a5700000, 0x00000000a5700000, 0x00000000a5800000|  0%| F|  |TAMS 0x00000000a5700000, 0x00000000a5700000| Untracked 
|  60|0x00000000a5800000, 0x00000000a5800000, 0x00000000a5900000|  0%| F|  |TAMS 0x00000000a5800000, 0x00000000a5800000| Untracked 
|  61|0x00000000a5900000, 0x00000000a5900000, 0x00000000a5a00000|  0%| F|  |TAMS 0x00000000a5900000, 0x00000000a5900000| Untracked 
|  62|0x00000000a5a00000, 0x00000000a5a00000, 0x00000000a5b00000|  0%| F|  |TAMS 0x00000000a5a00000, 0x00000000a5a00000| Untracked 
|  63|0x00000000a5b00000, 0x00000000a5b00000, 0x00000000a5c00000|  0%| F|  |TAMS 0x00000000a5b00000, 0x00000000a5b00000| Untracked 
|  64|0x00000000a5c00000, 0x00000000a5c00000, 0x00000000a5d00000|  0%| F|  |TAMS 0x00000000a5c00000, 0x00000000a5c00000| Untracked 
|  65|0x00000000a5d00000, 0x00000000a5d00000, 0x00000000a5e00000|  0%| F|  |TAMS 0x00000000a5d00000, 0x00000000a5d00000| Untracked 
|  66|0x00000000a5e00000, 0x00000000a5e00000, 0x00000000a5f00000|  0%| F|  |TAMS 0x00000000a5e00000, 0x00000000a5e00000| Untracked 
|  67|0x00000000a5f00000, 0x00000000a5f00000, 0x00000000a6000000|  0%| F|  |TAMS 0x00000000a5f00000, 0x00000000a5f00000| Untracked 
|  68|0x00000000a6000000, 0x00000000a6000000, 0x00000000a6100000|  0%| F|  |TAMS 0x00000000a6000000, 0x00000000a6000000| Untracked 
|  69|0x00000000a6100000, 0x00000000a6100000, 0x00000000a6200000|  0%| F|  |TAMS 0x00000000a6100000, 0x00000000a6100000| Untracked 
|  70|0x00000000a6200000, 0x00000000a6200000, 0x00000000a6300000|  0%| F|  |TAMS 0x00000000a6200000, 0x00000000a6200000| Untracked 
|  71|0x00000000a6300000, 0x00000000a6300000, 0x00000000a6400000|  0%| F|  |TAMS 0x00000000a6300000, 0x00000000a6300000| Untracked 
|  72|0x00000000a6400000, 0x00000000a6400000, 0x00000000a6500000|  0%| F|  |TAMS 0x00000000a6400000, 0x00000000a6400000| Untracked 
|  73|0x00000000a6500000, 0x00000000a6500000, 0x00000000a6600000|  0%| F|  |TAMS 0x00000000a6500000, 0x00000000a6500000| Untracked 
|  74|0x00000000a6600000, 0x00000000a6600000, 0x00000000a6700000|  0%| F|  |TAMS 0x00000000a6600000, 0x00000000a6600000| Untracked 
|  75|0x00000000a6700000, 0x00000000a6700000, 0x00000000a6800000|  0%| F|  |TAMS 0x00000000a6700000, 0x00000000a6700000| Untracked 
|  76|0x00000000a6800000, 0x00000000a6800000, 0x00000000a6900000|  0%| F|  |TAMS 0x00000000a6800000, 0x00000000a6800000| Untracked 
|  77|0x00000000a6900000, 0x00000000a6900000, 0x00000000a6a00000|  0%| F|  |TAMS 0x00000000a6900000, 0x00000000a6900000| Untracked 
|  78|0x00000000a6a00000, 0x00000000a6a00000, 0x00000000a6b00000|  0%| F|  |TAMS 0x00000000a6a00000, 0x00000000a6a00000| Untracked 
|  79|0x00000000a6b00000, 0x00000000a6b00000, 0x00000000a6c00000|  0%| F|  |TAMS 0x00000000a6b00000, 0x00000000a6b00000| Untracked 
|  80|0x00000000a6c00000, 0x00000000a6c00000, 0x00000000a6d00000|  0%| F|  |TAMS 0x00000000a6c00000, 0x00000000a6c00000| Untracked 
|  81|0x00000000a6d00000, 0x00000000a6d00000, 0x00000000a6e00000|  0%| F|  |TAMS 0x00000000a6d00000, 0x00000000a6d00000| Untracked 
|  82|0x00000000a6e00000, 0x00000000a6e00000, 0x00000000a6f00000|  0%| F|  |TAMS 0x00000000a6e00000, 0x00000000a6e00000| Untracked 
|  83|0x00000000a6f00000, 0x00000000a6fd9bb0, 0x00000000a7000000| 85%| E|  |TAMS 0x00000000a6f00000, 0x00000000a6f00000| Complete 
|  84|0x00000000a7000000, 0x00000000a7100000, 0x00000000a7100000|100%| E|CS|TAMS 0x00000000a7000000, 0x00000000a7000000| Complete 
|  85|0x00000000a7100000, 0x00000000a7200000, 0x00000000a7200000|100%| E|CS|TAMS 0x00000000a7100000, 0x00000000a7100000| Complete 
|  86|0x00000000a7200000, 0x00000000a7300000, 0x00000000a7300000|100%| E|CS|TAMS 0x00000000a7200000, 0x00000000a7200000| Complete 
|  87|0x00000000a7300000, 0x00000000a7400000, 0x00000000a7400000|100%| E|CS|TAMS 0x00000000a7300000, 0x00000000a7300000| Complete 
|  88|0x00000000a7400000, 0x00000000a7500000, 0x00000000a7500000|100%| E|CS|TAMS 0x00000000a7400000, 0x00000000a7400000| Complete 
|  89|0x00000000a7500000, 0x00000000a7600000, 0x00000000a7600000|100%| E|CS|TAMS 0x00000000a7500000, 0x00000000a7500000| Complete 
|  90|0x00000000a7600000, 0x00000000a7700000, 0x00000000a7700000|100%| E|CS|TAMS 0x00000000a7600000, 0x00000000a7600000| Complete 
|  91|0x00000000a7700000, 0x00000000a7800000, 0x00000000a7800000|100%| E|CS|TAMS 0x00000000a7700000, 0x00000000a7700000| Complete 
|  92|0x00000000a7800000, 0x00000000a7900000, 0x00000000a7900000|100%| E|CS|TAMS 0x00000000a7800000, 0x00000000a7800000| Complete 
|  93|0x00000000a7900000, 0x00000000a7a00000, 0x00000000a7a00000|100%| E|CS|TAMS 0x00000000a7900000, 0x00000000a7900000| Complete 
|  94|0x00000000a7a00000, 0x00000000a7b00000, 0x00000000a7b00000|100%| E|CS|TAMS 0x00000000a7a00000, 0x00000000a7a00000| Complete 
|  95|0x00000000a7b00000, 0x00000000a7c00000, 0x00000000a7c00000|100%| E|CS|TAMS 0x00000000a7b00000, 0x00000000a7b00000| Complete 

Card table byte_map: [0x0000009dfaf90000,0x0000009dfb290000] _byte_map_base: 0x0000009dfaa82000

Marking Bits (Prev, Next): (CMBitMap*) 0x0000009dfac42878, (CMBitMap*) 0x0000009dfac428b0
 Prev Bits: [0x0000009dfb590000, 0x0000009dfcd20000)
 Next Bits: [0x0000009dfcd20000, 0x0000009dfe4b0000)

Polling page: 0x0000009df8dc0000

Metaspace:

Usage:
  Non-class:     36.72 MB capacity,    36.01 MB ( 98%) used,   590.05 KB (  2%) free+waste,   135.06 KB ( <1%) overhead. 
      Class:      5.48 MB capacity,     5.02 MB ( 92%) used,   405.32 KB (  7%) free+waste,    66.06 KB (  1%) overhead. 
       Both:     42.20 MB capacity,    41.03 MB ( 97%) used,   995.38 KB (  2%) free+waste,   201.13 KB ( <1%) overhead. 

Virtual space:
  Non-class space:       38.00 MB reserved,      36.92 MB ( 97%) committed 
      Class space:        1.00 GB reserved,       5.50 MB ( <1%) committed 
             Both:        1.04 GB reserved,      42.42 MB (  4%) committed 

Chunk freelists:
   Non-Class:  1.13 KB
       Class:  0 bytes
        Both:  1.13 KB

CodeHeap 'non-profiled nmethods': size=120064Kb used=2839Kb max_used=2839Kb free=117224Kb
 bounds [0x0000009d8fcf0000, 0x0000009d8ffc0000, 0x0000009d97230000]
CodeHeap 'profiled nmethods': size=120000Kb used=8096Kb max_used=8096Kb free=111904Kb
 bounds [0x0000009d887c0000, 0x0000009d88fb0000, 0x0000009d8fcf0000]
CodeHeap 'non-nmethods': size=5696Kb used=1226Kb max_used=1283Kb free=4469Kb
 bounds [0x0000009d88230000, 0x0000009d884a0000, 0x0000009d887c0000]
 total_blobs=5360 nmethods=3984 adapters=498
 compilation: enabled
              stopped_count=0, restarted_count=0
 full_count=0

Compilation events (10 events):
Event: 42.904 Thread 0x0000009dff7ad800 nmethod 4003 0x0000009d88fa6f10 code [0x0000009d88fa71a0, 0x0000009d88fa7c00]
Event: 42.915 Thread 0x0000009d9dd81800 nmethod 3977 0x0000009d8ffb1490 code [0x0000009d8ffb1660, 0x0000009d8ffb2c58]
Event: 42.915 Thread 0x0000009d9dd81800 3971       4       jdk.internal.org.objectweb.asm.ClassWriter::newStringishItem (68 bytes)
Event: 42.938 Thread 0x0000009d9dd81800 nmethod 3971 0x0000009d8ffb3410 code [0x0000009d8ffb3600, 0x0000009d8ffb42a8]
Event: 42.938 Thread 0x0000009d9dd81800 3996       4       java.lang.invoke.LambdaForm$BasicType::basicType (19 bytes)
Event: 42.943 Thread 0x0000009d9dd81800 nmethod 3996 0x0000009d8ffb4890 code [0x0000009d8ffb4a60, 0x0000009d8ffb4e28]
Event: 42.943 Thread 0x0000009d9dd81800 3991       4       java.lang.AbstractStringBuilder::checkRange (60 bytes)
Event: 42.944 Thread 0x0000009d9dd81800 nmethod 3991 0x0000009d8ffb5190 code [0x0000009d8ffb5320, 0x0000009d8ffb53b8]
Event: 42.944 Thread 0x0000009d9dd81800 3922       4       net.bytebuddy.pool.TypePool$Default$TypeExtractor$FieldExtractor::<init> (57 bytes)
Event: 42.951 Thread 0x0000009d9dd81800 nmethod 3922 0x0000009d8ffb5490 code [0x0000009d8ffb5640, 0x0000009d8ffb5d18]

GC Heap History (10 events):
Event: 11.793 GC heap before
{Heap before GC invocations=10 (full 0):
 garbage-first heap   total 98304K, used 69839K [0x00000000a1c00000, 0x0000000100000000)
  region size 1024K, 56 young (57344K), 4 survivors (4096K)
 Metaspace       used 23059K, capacity 23482K, committed 23680K, reserved 1071104K
  class space    used 2730K, capacity 2868K, committed 2944K, reserved 1048576K
}
Event: 11.797 GC heap after
{Heap after GC invocations=11 (full 0):
 garbage-first heap   total 98304K, used 17095K [0x00000000a1c00000, 0x0000000100000000)
  region size 1024K, 4 young (4096K), 4 survivors (4096K)
 Metaspace       used 23059K, capacity 23482K, committed 23680K, reserved 1071104K
  class space    used 2730K, capacity 2868K, committed 2944K, reserved 1048576K
}
Event: 12.427 GC heap before
{Heap before GC invocations=11 (full 0):
 garbage-first heap   total 98304K, used 71367K [0x00000000a1c00000, 0x0000000100000000)
  region size 1024K, 57 young (58368K), 4 survivors (4096K)
 Metaspace       used 26114K, capacity 26653K, committed 26880K, reserved 1073152K
  class space    used 3091K, capacity 3271K, committed 3328K, reserved 1048576K
}
Event: 12.433 GC heap after
{Heap after GC invocations=12 (full 0):
 garbage-first heap   total 98304K, used 17384K [0x00000000a1c00000, 0x0000000100000000)
  region size 1024K, 5 young (5120K), 5 survivors (5120K)
 Metaspace       used 26114K, capacity 26653K, committed 26880K, reserved 1073152K
  class space    used 3091K, capacity 3271K, committed 3328K, reserved 1048576K
}
Event: 13.214 GC heap before
{Heap before GC invocations=12 (full 0):
 garbage-first heap   total 98304K, used 70632K [0x00000000a1c00000, 0x0000000100000000)
  region size 1024K, 57 young (58368K), 5 survivors (5120K)
 Metaspace       used 31077K, capacity 31664K, committed 31744K, reserved 1077248K
  class space    used 3593K, capacity 3793K, committed 3840K, reserved 1048576K
}
Event: 13.222 GC heap after
{Heap after GC invocations=13 (full 0):
 garbage-first heap   total 98304K, used 19354K [0x00000000a1c00000, 0x0000000100000000)
  region size 1024K, 5 young (5120K), 5 survivors (5120K)
 Metaspace       used 31077K, capacity 31664K, committed 31744K, reserved 1077248K
  class space    used 3593K, capacity 3793K, committed 3840K, reserved 1048576K
}
Event: 14.284 GC heap before
{Heap before GC invocations=13 (full 0):
 garbage-first heap   total 98304K, used 52122K [0x00000000a1c00000, 0x0000000100000000)
  region size 1024K, 38 young (38912K), 5 survivors (5120K)
 Metaspace       used 34696K, capacity 35479K, committed 35628K, reserved 1081344K
  class space    used 4073K, capacity 4388K, committed 4480K, reserved 1048576K
}
Event: 14.297 GC heap after
{Heap after GC invocations=14 (full 0):
 garbage-first heap   total 98304K, used 20125K [0x00000000a1c00000, 0x0000000100000000)
  region size 1024K, 5 young (5120K), 5 survivors (5120K)
 Metaspace       used 34696K, capacity 35479K, committed 35628K, reserved 1081344K
  class space    used 4073K, capacity 4388K, committed 4480K, reserved 1048576K
}
Event: 22.510 GC heap before
{Heap before GC invocations=15 (full 0):
 garbage-first heap   total 98304K, used 71325K [0x00000000a1c00000, 0x0000000100000000)
  region size 1024K, 55 young (56320K), 5 survivors (5120K)
 Metaspace       used 41000K, capacity 42039K, committed 42284K, reserved 1085440K
  class space    used 4990K, capacity 5403K, committed 5504K, reserved 1048576K
}
Event: 22.531 GC heap after
{Heap after GC invocations=16 (full 0):
 garbage-first heap   total 98304K, used 22489K [0x00000000a1c00000, 0x0000000100000000)
  region size 1024K, 6 young (6144K), 6 survivors (6144K)
 Metaspace       used 41000K, capacity 42039K, committed 42284K, reserved 1085440K
  class space    used 4990K, capacity 5403K, committed 5504K, reserved 1048576K
}

Deoptimization events (10 events):
Event: 14.591 Thread 0x0000009d9af36800 Uncommon trap: reason=unstable_if action=reinterpret pc=0x0000009d8fd6a120 method=java.lang.CharacterDataLatin1.isWhitespace(I)Z @ 14 c2
Event: 22.578 Thread 0x0000009d9af36800 Uncommon trap: reason=unstable_fused_if action=reinterpret pc=0x0000009d8fda9550 method=java.io.WinNTFileSystem.isLetter(C)Z @ 15 c2
Event: 42.698 Thread 0x0000009d9af36800 Uncommon trap: reason=unstable_if action=reinterpret pc=0x0000009d8ff0b8c0 method=net.bytebuddy.jar.asm.signature.SignatureReader.accept(Lnet/bytebuddy/jar/asm/signature/SignatureVisitor;)V @ 196 c2
Event: 42.700 Thread 0x0000009d9af36800 Uncommon trap: reason=unstable_if action=reinterpret pc=0x0000009d8fd2f604 method=java.lang.AbstractStringBuilder.putStringAt(ILjava/lang/String;)V @ 8 c2
Event: 42.700 Thread 0x0000009d9af36800 Uncommon trap: reason=unstable_if action=reinterpret pc=0x0000009d8fd4cfd4 method=java.lang.AbstractStringBuilder.putStringAt(ILjava/lang/String;)V @ 8 c2
Event: 42.700 Thread 0x0000009d9af36800 Uncommon trap: reason=unstable_if action=reinterpret pc=0x0000009d8fd44764 method=java.lang.String.getBytes([BIB)V @ 5 c2
Event: 42.700 Thread 0x0000009d9af36800 Uncommon trap: reason=predicate action=maybe_recompile pc=0x0000009d8fd1a46c method=java.lang.AbstractStringBuilder.appendChars(Ljava/lang/CharSequence;II)V @ 25 c2
Event: 42.704 Thread 0x0000009d9af36800 Uncommon trap: reason=unstable_if action=reinterpret pc=0x0000009d8ff982e4 method=java.lang.String.getChars(II[CI)V @ 23 c2
Event: 42.711 Thread 0x0000009d9af36800 Uncommon trap: reason=unstable_if action=reinterpret pc=0x0000009d8fcf73f8 method=java.lang.String.isLatin1()Z @ 10 c2
Event: 42.881 Thread 0x0000009d9af36800 Uncommon trap: reason=unstable_if action=reinterpret pc=0x0000009d8fd540e0 method=java.lang.String.indexOf(Ljava/lang/String;)I @ 8 c2

Classes redefined (0 events):
No events

Internal exceptions (10 events):
Event: 22.679 Thread 0x0000009d9d843800 Exception <a 'java/net/SocketTimeoutException'{0x00000000a7497b08}: Read timed out> (0x00000000a7497b08) thrown at [t:/workspace/open/src/hotspot/share/prims/jni.cpp, line 636]
Event: 42.690 Thread 0x0000009d9af36800 Exception <a 'java/lang/reflect/InvocationTargetException'{0x00000000a74ec518}> (0x00000000a74ec518) thrown at [t:/workspace/open/src/hotspot/share/runtime/reflection.cpp, line 1242]
Event: 42.774 Thread 0x0000009d9af36800 Exception <a 'java/lang/reflect/InvocationTargetException'{0x00000000a7143288}> (0x00000000a7143288) thrown at [t:/workspace/open/src/hotspot/share/runtime/reflection.cpp, line 1242]
Event: 42.807 Thread 0x0000009d9af36800 Exception <a 'java/lang/NoSuchMethodError'{0x00000000a71cf408}: java.lang.invoke.DirectMethodHandle$Holder.invokeSpecial(Ljava/lang/Object;Ljava/lang/Object;IIILjava/lang/Object;Ljava/lang/Object;ILjava/lang/Object;)Ljava/lang/Object;> (0x00000000a71cf408
Event: 42.807 Thread 0x0000009d9af36800 Exception <a 'java/lang/NoSuchMethodError'{0x00000000a71d2ab8}: java.lang.invoke.DelegatingMethodHandle$Holder.reinvoke_L(Ljava/lang/Object;IIILjava/lang/Object;Ljava/lang/Object;ILjava/lang/Object;)Ljava/lang/Object;> (0x00000000a71d2ab8) thrown at [t:/w
Event: 42.828 Thread 0x0000009d9af36800 Exception <a 'java/lang/NoSuchMethodError'{0x00000000a7013970}: java.lang.invoke.DirectMethodHandle$Holder.invokeStatic(Ljava/lang/Object;Ljava/lang/Object;Ljava/lang/Object;Ljava/lang/Object;Ljava/lang/Object;Ljava/lang/Object;Ljava/lang/Object;Ljava/lan
Event: 42.836 Thread 0x0000009d9af36800 Exception <a 'java/lang/NoSuchMethodError'{0x00000000a7042970}: java.lang.invoke.Invokers$Holder.linkToTargetMethod(Ljava/lang/Object;Ljava/lang/Object;ILjava/lang/Object;Ljava/lang/Object;)Ljava/lang/Object;> (0x00000000a7042970) thrown at [t:/workspace/
Event: 42.847 Thread 0x0000009d9af36800 Exception <a 'java/lang/NoSuchMethodError'{0x00000000a70a4338}: java.lang.invoke.DirectMethodHandle$Holder.invokeSpecial(Ljava/lang/Object;Ljava/lang/Object;IIILjava/lang/Object;Ljava/lang/Object;Ljava/lang/Object;)Ljava/lang/Object;> (0x00000000a70a4338)
Event: 42.848 Thread 0x0000009d9af36800 Exception <a 'java/lang/NoSuchMethodError'{0x00000000a70a7968}: java.lang.invoke.DelegatingMethodHandle$Holder.reinvoke_L(Ljava/lang/Object;IIILjava/lang/Object;Ljava/lang/Object;Ljava/lang/Object;)Ljava/lang/Object;> (0x00000000a70a7968) thrown at [t:/wo
Event: 42.850 Thread 0x0000009d9af36800 Exception <a 'java/lang/NoSuchMethodError'{0x00000000a70b5d60}: java.lang.invoke.DirectMethodHandle$Holder.invokeStatic(Ljava/lang/Object;Ljava/lang/Object;Ljava/lang/Object;Ljava/lang/Object;Ljava/lang/Object;I)Ljava/lang/Object;> (0x00000000a70b5d60) th

Events (10 events):
Event: 42.899 loading class com/zebrunner/agent/core/registrar/descriptor/SessionCloseDescriptor
Event: 42.899 loading class com/zebrunner/agent/core/registrar/descriptor/SessionCloseDescriptor done
Event: 42.899 Executing VM operation: RevokeBias
Event: 42.899 Executing VM operation: RevokeBias done
Event: 42.900 Executing VM operation: RevokeBias
Event: 42.900 Executing VM operation: RevokeBias done
Event: 42.904 Executing VM operation: RevokeBias
Event: 42.904 Executing VM operation: RevokeBias done
Event: 42.904 Executing VM operation: RevokeBias
Event: 42.905 Executing VM operation: RevokeBias done


Dynamic libraries:
0x00007ff7c8940000 - 0x00007ff7c8985000 	C:\Program Files\Java\jdk-11.0.1\bin\javaw.exe
0x00007ffa1a400000 - 0x00007ffa1a5ad000 	C:\Windows\SYSTEM32\ntdll.dll
0x00007ffa18110000 - 0x00007ffa1824f000 	C:\Windows\system32\KERNEL32.DLL
0x00007ffa17960000 - 0x00007ffa17a75000 	C:\Windows\system32\KERNELBASE.dll
0x00007ffa17b70000 - 0x00007ffa17ce7000 	C:\Windows\system32\USER32.dll
0x00007ffa151a0000 - 0x00007ffa1541b000 	C:\Windows\WinSxS\amd64_microsoft.windows.common-controls_6595b64144ccf1df_6.0.9600.19394_none_62486577ecb635cf\COMCTL32.dll
0x00007ffa189d0000 - 0x00007ffa18b1e000 	C:\Windows\system32\GDI32.dll
0x00007ffa18690000 - 0x00007ffa1873a000 	C:\Windows\system32\msvcrt.dll
0x00007ffa17a80000 - 0x00007ffa17ab6000 	C:\Windows\system32\IMM32.DLL
0x00007ffa17d00000 - 0x00007ffa17e51000 	C:\Windows\system32\MSCTF.dll
0x00007ffa0a490000 - 0x00007ffa0a4a6000 	C:\Program Files\Java\jdk-11.0.1\bin\vcruntime140.dll
0x00007ffa12ec0000 - 0x00007ffa12ec4000 	C:\Program Files\Java\jdk-11.0.1\bin\api-ms-win-crt-runtime-l1-1-0.dll
0x00007ffa0b5c0000 - 0x00007ffa0b5c4000 	C:\Program Files\Java\jdk-11.0.1\bin\api-ms-win-crt-string-l1-1-0.dll
0x00007ffa0a6c0000 - 0x00007ffa0a6c3000 	C:\Program Files\Java\jdk-11.0.1\bin\api-ms-win-crt-heap-l1-1-0.dll
0x00007ffa0a410000 - 0x00007ffa0a414000 	C:\Program Files\Java\jdk-11.0.1\bin\api-ms-win-crt-stdio-l1-1-0.dll
0x00007ffa04aa0000 - 0x00007ffa04aa4000 	C:\Program Files\Java\jdk-11.0.1\bin\api-ms-win-crt-convert-l1-1-0.dll
0x00007ff9e5db0000 - 0x00007ff9e5ea6000 	C:\Program Files\Java\jdk-11.0.1\bin\ucrtbase.DLL
0x00007ff9f98b0000 - 0x00007ff9f995a000 	C:\Program Files\Java\jdk-11.0.1\bin\msvcp140.dll
0x00007ffa04a90000 - 0x00007ffa04a93000 	C:\Program Files\Java\jdk-11.0.1\bin\api-ms-win-crt-locale-l1-1-0.dll
0x00007ffa04900000 - 0x00007ffa04905000 	C:\Program Files\Java\jdk-11.0.1\bin\api-ms-win-crt-math-l1-1-0.dll
0x00007ffa048f0000 - 0x00007ffa048f5000 	C:\Program Files\Java\jdk-11.0.1\bin\api-ms-win-crt-multibyte-l1-1-0.dll
0x00007ffa048e0000 - 0x00007ffa048e3000 	C:\Program Files\Java\jdk-11.0.1\bin\api-ms-win-crt-time-l1-1-0.dll
0x00007ffa04840000 - 0x00007ffa04843000 	C:\Program Files\Java\jdk-11.0.1\bin\api-ms-win-crt-filesystem-l1-1-0.dll
0x00007ffa04830000 - 0x00007ffa04833000 	C:\Program Files\Java\jdk-11.0.1\bin\api-ms-win-crt-environment-l1-1-0.dll
0x00007ffa04820000 - 0x00007ffa04823000 	C:\Program Files\Java\jdk-11.0.1\bin\api-ms-win-crt-utility-l1-1-0.dll
0x00007ff9ce4b0000 - 0x00007ff9ceff1000 	C:\Program Files\Java\jdk-11.0.1\bin\server\jvm.dll
0x00007ffa17ac0000 - 0x00007ffa17b6a000 	C:\Windows\system32\ADVAPI32.dll
0x00007ffa0f4e0000 - 0x00007ffa0f4e9000 	C:\Windows\SYSTEM32\WSOCK32.dll
0x00007ffa0f580000 - 0x00007ffa0f5a2000 	C:\Windows\SYSTEM32\WINMM.dll
0x00007ffa0fbc0000 - 0x00007ffa0fbca000 	C:\Windows\SYSTEM32\VERSION.dll
0x00007ffa17cf0000 - 0x00007ffa17cf7000 	C:\Windows\system32\PSAPI.DLL
0x00007ffa187b0000 - 0x00007ffa18808000 	C:\Windows\SYSTEM32\sechost.dll
0x00007ffa18260000 - 0x00007ffa1839a000 	C:\Windows\system32\RPCRT4.dll
0x00007ffa18560000 - 0x00007ffa185ba000 	C:\Windows\system32\WS2_32.dll
0x00007ffa0f550000 - 0x00007ffa0f57a000 	C:\Windows\SYSTEM32\WINMMBASE.dll
0x00007ffa17650000 - 0x00007ffa1767e000 	C:\Windows\system32\SspiCli.dll
0x00007ffa18250000 - 0x00007ffa18259000 	C:\Windows\system32\NSI.dll
0x00007ffa17680000 - 0x00007ffa176cf000 	C:\Windows\SYSTEM32\cfgmgr32.dll
0x00007ffa16340000 - 0x00007ffa16368000 	C:\Windows\SYSTEM32\DEVOBJ.dll
0x00007ffa0b0d0000 - 0x00007ffa0b0e1000 	C:\Program Files\Java\jdk-11.0.1\bin\verify.dll
0x00007ffa0d310000 - 0x00007ffa0d499000 	C:\Windows\SYSTEM32\DBGHELP.DLL
0x00007ff9fba10000 - 0x00007ff9fba38000 	C:\Program Files\Java\jdk-11.0.1\bin\java.dll
0x00007ffa01630000 - 0x00007ffa0165f000 	C:\Program Files\Java\jdk-11.0.1\bin\instrument.dll
0x00007ff9ffea0000 - 0x00007ff9ffeb6000 	C:\Program Files\Java\jdk-11.0.1\bin\zip.dll
0x00007ffa12fd0000 - 0x00007ffa12fda000 	C:\Program Files\Java\jdk-11.0.1\bin\jimage.dll
0x00007ffa18ed0000 - 0x00007ffa1a3fe000 	C:\Windows\system32\SHELL32.dll
0x00007ffa18b20000 - 0x00007ffa18d32000 	C:\Windows\SYSTEM32\combase.dll
0x00007ffa180b0000 - 0x00007ffa18104000 	C:\Windows\system32\SHLWAPI.dll
0x00007ffa15ac0000 - 0x00007ffa15b72000 	C:\Windows\SYSTEM32\SHCORE.dll
0x00007ffa17520000 - 0x00007ffa17535000 	C:\Windows\SYSTEM32\profapi.dll
0x00007ff9fb9f0000 - 0x00007ff9fba09000 	C:\Program Files\Java\jdk-11.0.1\bin\net.dll
0x00007ffa0e490000 - 0x00007ffa0e559000 	C:\Windows\SYSTEM32\WINHTTP.dll
0x00007ffa16cc0000 - 0x00007ffa16d19000 	C:\Windows\system32\mswsock.dll
0x00007ff9fb9d0000 - 0x00007ff9fb9e3000 	C:\Program Files\Java\jdk-11.0.1\bin\nio.dll
0x00007ffa16ac0000 - 0x00007ffa16b64000 	C:\Windows\SYSTEM32\DNSAPI.dll
0x0000000076390000 - 0x00000000763b6000 	C:\Program Files\Bonjour\mdnsNSP.dll
0x00007ffa122d0000 - 0x00007ffa122fa000 	C:\Windows\SYSTEM32\Iphlpapi.DLL
0x00007ffa122b0000 - 0x00007ffa122ba000 	C:\Windows\SYSTEM32\WINNSI.DLL
0x00007ffa0bdf0000 - 0x00007ffa0bdfa000 	C:\Windows\System32\rasadhlp.dll
0x00007ffa11dd0000 - 0x00007ffa11e3b000 	C:\Windows\System32\fwpuclnt.dll
0x00007ffa16d20000 - 0x00007ffa16d40000 	C:\Windows\SYSTEM32\CRYPTSP.dll
0x00007ffa16940000 - 0x00007ffa16976000 	C:\Windows\system32\rsaenh.dll
0x00007ffa17000000 - 0x00007ffa17026000 	C:\Windows\SYSTEM32\bcrypt.dll
0x00007ffa16a50000 - 0x00007ffa16a71000 	C:\Windows\SYSTEM32\USERENV.dll
0x00007ffa17320000 - 0x00007ffa17383000 	C:\Windows\system32\bcryptprimitives.dll
0x00007ffa173f0000 - 0x00007ffa173fb000 	C:\Windows\SYSTEM32\CRYPTBASE.dll
0x00007ffa11d80000 - 0x00007ffa11d96000 	C:\Windows\SYSTEM32\dhcpcsvc6.DLL
0x00007ffa11f80000 - 0x00007ffa11f9a000 	C:\Windows\SYSTEM32\dhcpcsvc.DLL
0x00007ffa13df0000 - 0x00007ffa13dfd000 	C:\Program Files\Java\jdk-11.0.1\bin\sunmscapi.dll
0x00007ffa176d0000 - 0x00007ffa178ae000 	C:\Windows\system32\CRYPT32.dll
0x00007ffa16f90000 - 0x00007ffa16fb5000 	C:\Windows\SYSTEM32\ncrypt.dll
0x00007ffa175d0000 - 0x00007ffa175e1000 	C:\Windows\system32\MSASN1.dll
0x00007ffa16f50000 - 0x00007ffa16f87000 	C:\Windows\SYSTEM32\NTASN1.dll
0x00007ffa04ab0000 - 0x00007ffa04ad7000 	C:\Program Files\Java\jdk-11.0.1\bin\sunec.dll

dbghelp: loaded successfully - version: 4.0.5 - missing functions: none
symbol engine: initialized successfully - sym options: 0x614 - pdb path: .;C:\Program Files\Java\jdk-11.0.1\bin;C:\Windows\SYSTEM32;C:\Windows\WinSxS\amd64_microsoft.windows.common-controls_6595b64144ccf1df_6.0.9600.19394_none_62486577ecb635cf;C:\Program Files\Java\jdk-11.0.1\bin\server;C:\Program Files\Bonjour

VM Arguments:
jvm_args: -ea -javaagent:C:\AbinBevDemo\Maz-automation\target/agent/zebrunner-agent.jar -Dfile.encoding=Cp1252 
java_command: org.testng.remote.RemoteTestNG -serport 53936 -protocol json -d C:\AbinBevDemo\Maz-automation\test-output C:\AbinBevDemo\Maz-automation\src\test\resources\testng_suites\cucumber-web.xml
java_class_path (initial): E:\Test leaf\eclipse\configuration\org.eclipse.osgi\522\0\.cp\lib\testng-remote.jar;C:\AbinBevDemo\Maz-automation\target\test-classes;C:\AbinBevDemo\Maz-automation\target\classes;C:\Users\Chandru\.m2\repository\javax\activation\activation\1.1\activation-1.1.jar;C:\Users\Chandru\.m2\repository\javax\xml\bind\jaxb-api\2.2.2\jaxb-api-2.2.2.jar;C:\Users\Chandru\.m2\repository\javax\xml\stream\stax-api\1.0-2\stax-api-1.0-2.jar;C:\Users\Chandru\.m2\repository\javax\mail\mailapi\1.4.3\mailapi-1.4.3.jar;C:\Users\Chandru\.m2\repository\javax\ws\rs\jsr311-api\1.1.1\jsr311-api-1.1.1.jar;C:\Users\Chandru\.m2\repository\com\qaprosoft\carina-core\7.3.15\carina-core-7.3.15.jar;C:\Users\Chandru\.m2\repository\com\qaprosoft\carina-dataprovider\7.3.15\carina-dataprovider-7.3.15.jar;C:\Users\Chandru\.m2\repository\com\qaprosoft\carina-commons\7.3.15\carina-commons-7.3.15.jar;C:\Users\Chandru\.m2\repository\org\seleniumhq\selenium\selenium-api\3.141.59\selenium-api-3.141.59.jar;C:\Users\Chandru\.m2\repository\org\slf4j\slf4j-log4j12\1.7.30\slf4j-log4j12-1.7.30.jar;C:\Users\Chandru\.m2\repository\org\slf4j\slf4j-api\1.7.30\slf4j-api-1.7.30.jar;C:\Users\Chandru\.m2\repository\log4j\log4j\1.2.17\log4j-1.2.17.jar;C:\Users\Chandru\.m2\repository\org\testng\testng\7.4.0\testng-7.4.0.jar;C:\Users\Chandru\.m2\repository\com\beust\jcommander\1.78\jcommander-1.78.jar;C:\Users\Chandru\.m2\repository\org\webjars\jquery\3.5.1\jquery-3.5.1.jar;C:\Users\Chandru\.m2\repository\com\qaprosoft\carina-utils\7.3.15\carina-utils-7.3.15.jar;C:\Users\Chandru\.m2\repository\com\qaprosoft\carina-crypto\7.3.15\carina-crypto-7.3.15.jar;C:\Users\Chandru\.m2\repository\commons-cli\commons-cli\1.2\commons-cli-1.2.jar;C:\Users\Chandru\.m2\repository\commons-io\commons-io\2.7\commons-io-2.7.jar;C:\Users\Chandru\.m2\repository\org\apache\commons\commons-lang3\3.5\commons-lang3-3.5.jar;C:\Users\Chandru\.m2\repository\commons-codec\commons-codec\1.9\commons-codec-1.9.jar;C:\Users\Chandru\.m2\
Launcher Type: SUN_STANDARD

[Global flags]
     intx CICompilerCount                          = 3                                         {product} {ergonomic}
     uint ConcGCThreads                            = 1                                         {product} {ergonomic}
     uint G1ConcRefinementThreads                  = 4                                         {product} {ergonomic}
   size_t G1HeapRegionSize                         = 1048576                                   {product} {ergonomic}
    uintx GCDrainStackTargetSize                   = 64                                        {product} {ergonomic}
   size_t InitialHeapSize                          = 100663296                                 {product} {ergonomic}
   size_t MarkStackSize                            = 4194304                                   {product} {ergonomic}
   size_t MaxHeapSize                              = 1581252608                                {product} {ergonomic}
   size_t MaxNewSize                               = 947912704                                 {product} {ergonomic}
   size_t MinHeapDeltaBytes                        = 1048576                                   {product} {ergonomic}
    uintx NonNMethodCodeHeapSize                   = 5830092                                {pd product} {ergonomic}
    uintx NonProfiledCodeHeapSize                  = 122914074                              {pd product} {ergonomic}
    uintx ProfiledCodeHeapSize                     = 122914074                              {pd product} {ergonomic}
    uintx ReservedCodeCacheSize                    = 251658240                              {pd product} {ergonomic}
     bool SegmentedCodeCache                       = true                                      {product} {ergonomic}
     bool UseCompressedClassPointers               = true                                 {lp64_product} {ergonomic}
     bool UseCompressedOops                        = true                                 {lp64_product} {ergonomic}
     bool UseG1GC                                  = true                                      {product} {ergonomic}
     bool UseLargePagesIndividualAllocation        = false                                  {pd product} {ergonomic}

Logging:
Log output configuration:
 #0: stdout all=warning uptime,level,tags
 #1: stderr all=off uptime,level,tags

Environment Variables:
JAVA_HOME=C:\Program Files\Java\jdk-11.0.1
PATH=C:/Program Files/Java/jdk-11.0.1/bin/server;C:/Program Files/Java/jdk-11.0.1/bin;C:\Program Files\Java\jdk-11.0.1\bin;C:\Program Files (x86)\Common Files\Oracle\Java\javapath;C:\oraclexe\app\oracle\product\10.2.0\server\bin;C:\ProgramData\Oracle\Java\javapath;C:\Windows\system32;C:\Windows;C:\Windows\System32\Wbem;C:\Windows\System32\WindowsPowerShell\v1.0\;C:\Program Files\Microsoft\Web Platform Installer\;C:\Program Files (x86)\Microsoft ASP.NET\ASP.NET Web Pages\v1.0\;C:\Program Files (x86)\Windows Kits\8.0\Windows Performance Toolkit\;C:\Program Files\Microsoft SQL Server\110\Tools\Binn\;C:\Program Files\PuTTY\;C:\Program Files\MySQL\MySQL Utilities 1.6\;C:\Program Files\Git\bin;C:\Program Files\Git\cmd;C:\Users\Chandru\Downloads\apache-maven-3.6.3\bin;C:\Program Files (x86)\nodejs\;E:\Users\Chandru\Anaconda3;E:\Users\Chandru\Anaconda3\Library\mingw-w64\bin;E:\Users\Chandru\Anaconda3\Library\usr\bin;E:\Users\Chandru\Anaconda3\Library\bin;E:\Users\Chandru\Anaconda3\Scripts;C:\Users\Chandru\Anaconda3;C:\Users\Chandru\Anaconda3\Library\mingw-w64\bin;C:\Users\Chandru\Anaconda3\Library\usr\bin;C:\Users\Chandru\Anaconda3\Library\bin;C:\Users\Chandru\Anaconda3\Scripts;C:\Program Files\Java\jdk1.8.0_111\bin;C:\Program Files (x86)\Microsoft VS Code\bin;C:\Program Files\Java\jdk1.8.0_181\bin;C:\Program Files\Java\jre1.8.0_181\bin;C:\Users\Chandru\AppData\Roaming\npm;E:\Test leaf\eclipse;
USERNAME=Chandru
OS=Windows_NT
PROCESSOR_IDENTIFIER=Intel64 Family 6 Model 58 Stepping 9, GenuineIntel



---------------  S Y S T E M  ---------------

OS: Windows 8.1 , 64 bit Build 9600 (6.3.9600.20062)

CPU:total 4 (initial active 4) (2 cores per cpu, 2 threads per core) family 6 model 58 stepping 9, cmov, cx8, fxsr, mmx, sse, sse2, sse3, ssse3, sse4.1, sse4.2, popcnt, avx, clmul, erms, ht, tsc, tscinvbit, tscinv

Memory: 4k page, system-wide physical 6026M (1348M free)
TotalPageFile size 9098M (AvailPageFile size 4M)
current process WorkingSet (physical memory assigned to process): 193M, peak: 265M
current process commit charge ("private bytes"): 245M, peak: 319M

vm_info: OpenJDK 64-Bit Server VM (11.0.1+13) for windows-amd64 JRE (11.0.1+13), built on Oct  6 2018 13:18:13 by "mach5one" with MS VC++ 15.5 (VS2017)

END.
