#
# A fatal error has been detected by the Java Runtime Environment:
#
#  EXCEPTION_ACCESS_VIOLATION (0xc0000005) at pc=0x00007ffb98d42250, pid=1080, tid=6220
#
# JRE version: OpenJDK Runtime Environment (11.0.1+13) (build 11.0.1+13)
# Java VM: OpenJDK 64-Bit Server VM (11.0.1+13, mixed mode, tiered, compressed oops, g1 gc, windows-amd64)
# Problematic frame:
# C  0x00007ffb98d42250
#
# No core dump will be written. Minidumps are not enabled by default on client versions of Windows
#
# If you would like to submit a bug report, please visit:
#   http://bugreport.java.com/bugreport/crash.jsp
# The crash happened outside the Java Virtual Machine in native code.
# See problematic frame for where to report the bug.
#

---------------  S U M M A R Y ------------

Command Line: -ea -javaagent:C:\AbinBevDemo\Maz-automation\target/agent/zebrunner-agent.jar -Dfile.encoding=Cp1252 org.testng.remote.RemoteTestNG -serport 1594 -protocol json -d C:\AbinBevDemo\Maz-automation\test-output C:\Users\Chandru\AppData\Local\Temp\testng-eclipse--1611112882\testng-customsuite.xml

Host: Intel(R) Core(TM) i3-3120M CPU @ 2.50GHz, 4 cores, 5G,  Windows 8.1 , 64 bit Build 9600 (6.3.9600.20237)
Time: Fri Feb 11 17:36:44 2022 India Standard Time elapsed time: 22 seconds (0d 0h 0m 22s)

---------------  T H R E A D  ---------------

Current thread (0x0000007eae10e000):  JavaThread "main" [_thread_in_native, id=6220, stack(0x0000007ead790000,0x0000007ead890000)]

Stack: [0x0000007ead790000,0x0000007ead890000],  sp=0x0000007ead88c298,  free space=1008k
Native frames: (J=compiled Java code, j=interpreted, Vv=VM code, C=native code)
C  0x00007ffb98d42250

Java frames: (J=compiled Java code, j=interpreted, Vv=VM code)
j  io.netty.internal.tcnative.Library.aprMajorVersion()I+0
j  io.netty.internal.tcnative.Library.initialize(Ljava/lang/String;Ljava/lang/String;)Z+31
j  io.netty.handler.ssl.OpenSsl.initializeTcNative(Ljava/lang/String;)Z+3
j  io.netty.handler.ssl.OpenSsl.<clinit>()V+252
v  ~StubRoutines::call_stub
j  net.lightbody.bmp.mitm.util.SslUtil$1.get()Ljava/util/List;+0
j  net.lightbody.bmp.mitm.util.SslUtil$1.get()Ljava/lang/Object;+1
j  com.google.common.base.Suppliers$NonSerializableMemoizingSupplier.get()Ljava/lang/Object;+22
j  net.lightbody.bmp.mitm.util.SslUtil.getDefaultCipherList()Ljava/util/List;+3
j  net.lightbody.bmp.mitm.manager.ImpersonatingMitmManager$Builder.build()Lnet/lightbody/bmp/mitm/manager/ImpersonatingMitmManager;+8
j  net.lightbody.bmp.BrowserMobProxyServer.start(ILjava/net/InetAddress;Ljava/net/InetAddress;)V+225
j  net.lightbody.bmp.BrowserMobProxyServer.start(I)V+4
j  com.qaprosoft.carina.browsermobproxy.ProxyPool.startProxy(I)Lnet/lightbody/bmp/BrowserMobProxy;+148
j  com.qaprosoft.carina.browsermobproxy.ProxyPool.startProxy()Lnet/lightbody/bmp/BrowserMobProxy;+3
j  com.qaprosoft.carina.browsermobproxy.ProxyPool.setupBrowserMobProxy()V+16
j  com.qaprosoft.carina.core.foundation.webdriver.core.capability.AbstractCapabilities.setupProxy()Lorg/openqa/selenium/Proxy;+0
j  com.qaprosoft.carina.core.foundation.webdriver.core.capability.AbstractCapabilities.initBaseCapabilities(Lorg/openqa/selenium/remote/DesiredCapabilities;Ljava/lang/String;Ljava/lang/String;)Lorg/openqa/selenium/remote/DesiredCapabilities;+22
j  com.qaprosoft.carina.core.foundation.webdriver.core.capability.impl.desktop.ChromeCapabilities.getCapability(Ljava/lang/String;)Lorg/openqa/selenium/remote/DesiredCapabilities;+13
j  com.qaprosoft.carina.core.foundation.webdriver.core.factory.impl.DesktopFactory.getCapabilities(Ljava/lang/String;)Lorg/openqa/selenium/remote/DesiredCapabilities;+102
j  com.qaprosoft.carina.core.foundation.webdriver.core.factory.impl.DesktopFactory.create(Ljava/lang/String;Lorg/openqa/selenium/remote/DesiredCapabilities;Ljava/lang/String;)Lorg/openqa/selenium/WebDriver;+21
j  com.qaprosoft.carina.core.foundation.webdriver.core.factory.DriverFactory.create(Ljava/lang/String;Lorg/openqa/selenium/remote/DesiredCapabilities;Ljava/lang/String;)Lorg/openqa/selenium/WebDriver;+212
j  com.qaprosoft.carina.core.foundation.webdriver.IDriverPool.createDriver(Ljava/lang/String;Lorg/openqa/selenium/remote/DesiredCapabilities;Ljava/lang/String;)Lorg/openqa/selenium/WebDriver;+116
j  com.qaprosoft.carina.core.foundation.webdriver.IDriverPool.getDriver(Ljava/lang/String;Lorg/openqa/selenium/remote/DesiredCapabilities;Ljava/lang/String;)Lorg/openqa/selenium/WebDriver;+102
j  com.qaprosoft.carina.core.foundation.webdriver.IDriverPool.getDriver(Ljava/lang/String;)Lorg/openqa/selenium/WebDriver;+12
j  com.qaprosoft.carina.core.foundation.webdriver.IDriverPool.getDriver()Lorg/openqa/selenium/WebDriver;+3
j  com.abinbev.carina.demo.ProxySampleTest.startProxy()V+11
v  ~StubRoutines::call_stub
J 3033  jdk.internal.reflect.NativeMethodAccessorImpl.invoke0(Ljava/lang/reflect/Method;Ljava/lang/Object;[Ljava/lang/Object;)Ljava/lang/Object; java.base@11.0.1 (0 bytes) @ 0x0000007ebe09bf3f [0x0000007ebe09bec0+0x000000000000007f]
J 3032 c1 jdk.internal.reflect.NativeMethodAccessorImpl.invoke(Ljava/lang/Object;[Ljava/lang/Object;)Ljava/lang/Object; java.base@11.0.1 (104 bytes) @ 0x0000007eb6f7f1bc [0x0000007eb6f7e5c0+0x0000000000000bfc]
J 4494 c2 java.lang.reflect.Method.invoke(Ljava/lang/Object;[Ljava/lang/Object;)Ljava/lang/Object; java.base@11.0.1 (65 bytes) @ 0x0000007ebe184bec [0x0000007ebe184ae0+0x000000000000010c]
j  org.testng.internal.MethodInvocationHelper.invokeMethod(Ljava/lang/reflect/Method;Ljava/lang/Object;[Ljava/lang/Object;)Ljava/lang/Object;+258
j  org.testng.internal.MethodInvocationHelper.invokeMethodConsideringTimeout(Lorg/testng/ITestNGMethod;Lorg/testng/internal/ConstructorOrMethod;Ljava/lang/Object;[Ljava/lang/Object;Lorg/testng/ITestResult;)V+15
j  org.testng.internal.ConfigInvoker.invokeConfigurationMethod(Ljava/lang/Object;Lorg/testng/ITestNGMethod;[Ljava/lang/Object;Lorg/testng/ITestResult;)V+193
j  org.testng.internal.ConfigInvoker.invokeConfigurations(Lorg/testng/internal/ConfigMethodArguments;)V+575
j  org.testng.internal.TestInvoker.runConfigMethods(Lorg/testng/internal/TestMethodArguments;Lorg/testng/xml/XmlSuite;Lorg/testng/internal/TestResult;[Lorg/testng/ITestNGMethod;)V+66
j  org.testng.internal.TestInvoker.invokeMethod(Lorg/testng/internal/TestMethodArguments;Lorg/testng/xml/XmlSuite;Lorg/testng/internal/ITestInvoker$FailureContext;)Lorg/testng/ITestResult;+106
j  org.testng.internal.TestInvoker.invokeTestMethod(Lorg/testng/internal/TestMethodArguments;Lorg/testng/xml/XmlSuite;Lorg/testng/internal/ITestInvoker$FailureContext;)Lorg/testng/ITestResult;+16
j  org.testng.internal.MethodRunner.runInSequence(Lorg/testng/internal/TestMethodArguments;Lorg/testng/internal/ITestInvoker;Lorg/testng/ITestContext;Ljava/util/concurrent/atomic/AtomicInteger;Lorg/testng/internal/ITestInvoker$FailureContext;Ljava/util/Iterator;Z)Ljava/util/List;+127
j  org.testng.internal.TestInvoker$MethodInvocationAgent.invoke(I)I+313
j  org.testng.internal.TestInvoker.invokeTestMethods(Lorg/testng/ITestNGMethod;Lorg/testng/internal/ConfigurationGroupMethods;Ljava/lang/Object;Lorg/testng/ITestContext;)Ljava/util/List;+389
j  org.testng.internal.TestMethodWorker.invokeTestMethods(Lorg/testng/ITestNGMethod;Ljava/lang/Object;)V+14
j  org.testng.internal.TestMethodWorker.run()V+127
j  org.testng.TestRunner$$Lambda$496.accept(Ljava/lang/Object;)V+7
j  java.util.ArrayList.forEach(Ljava/util/function/Consumer;)V+46 java.base@11.0.1
j  org.testng.TestRunner.privateRun(Lorg/testng/xml/XmlTest;)V+380
j  org.testng.TestRunner.run()V+25
j  org.testng.SuiteRunner.runTest(Lorg/testng/TestRunner;)V+21
j  org.testng.SuiteRunner.runSequentially()V+31
j  org.testng.SuiteRunner.privateRun()V+332
j  org.testng.SuiteRunner.run()V+6
j  org.testng.SuiteRunnerWorker.runSuite(Lorg/testng/internal/SuiteRunnerMap;Lorg/testng/xml/XmlSuite;)V+87
j  org.testng.SuiteRunnerWorker.run()V+12
j  org.testng.TestNG.runSuitesSequentially(Lorg/testng/xml/XmlSuite;Lorg/testng/internal/SuiteRunnerMap;ILjava/lang/String;)V+66
j  org.testng.TestNG.runSuitesLocally()Ljava/util/List;+156
j  org.testng.TestNG.runSuites()Ljava/util/List;+1
j  org.testng.TestNG.run()V+25
j  org.testng.remote.AbstractRemoteTestNG.run()V+149
j  org.testng.remote.RemoteTestNG.initAndRun(Lorg/testng/remote/IRemoteTestNG;[Ljava/lang/String;Lorg/testng/CommandLineArgs;Lorg/testng/remote/RemoteArgs;)V+184
j  org.testng.remote.RemoteTestNG.main([Ljava/lang/String;)V+201
v  ~StubRoutines::call_stub

siginfo: EXCEPTION_ACCESS_VIOLATION (0xc0000005), data execution prevention violation at address 0x00007ffb98d42250


Register to memory mapping:

RIP=0x00007ffb98d42250 is an unknown value
RAX=0x00007ffb98d42250 is an unknown value
RBX={method} {0x0000007ed5792408} 'aprMajorVersion' '()I' in 'io/netty/internal/tcnative/Library'
RCX=0x0000007eae10e340 points into unknown readable memory
RDX=0x0000007ead88c320 is pointing into the stack for thread: 0x0000007eae10e000
RSP=0x0000007ead88c298 is pointing into the stack for thread: 0x0000007eae10e000
RBP=0x0000007ead88c310 is pointing into the stack for thread: 0x0000007eae10e000
RSI=0x0000000000200031 is an unknown value
RDI=0x0000000000001d78 is an unknown value
R8 =0x0000000000000007 is an unknown value
R9 =0x0000000000000007 is an unknown value
R10=0x0000007eb63cef88 is at code_begin+1000 in an Interpreter codelet
method entry point (kind = native)  [0x0000007eb63ceba0, 0x0000007eb63cf700]  2912 bytes
R11=0x00000000a60f4050 is an oop
java.lang.Class 
{0x00000000a60f4050} - klass: 'java/lang/Class'
R12=0x0 is NULL
R13={method} {0x0000007ed5792408} 'aprMajorVersion' '()I' in 'io/netty/internal/tcnative/Library'
R14=0x0000007ead88c328 is pointing into the stack for thread: 0x0000007eae10e000
R15=0x0000007eae10e000 is a thread


Registers:
RAX=0x00007ffb98d42250, RBX=0x0000007ed5792400, RCX=0x0000007eae10e340, RDX=0x0000007ead88c320
RSP=0x0000007ead88c298, RBP=0x0000007ead88c310, RSI=0x0000000000200031, RDI=0x0000000000001d78
R8 =0x0000000000000007, R9 =0x0000000000000007, R10=0x0000007eb63cef88, R11=0x00000000a60f4050
R12=0x0000000000000000, R13=0x0000007ed5792400, R14=0x0000007ead88c328, R15=0x0000007eae10e000
RIP=0x00007ffb98d42250, EFLAGS=0x0000000000010202

Top of Stack: (sp=0x0000007ead88c298)
0x0000007ead88c298:   0000007eb63cefb7 0000007eae10e000
0x0000007ead88c2a8:   0000007ed5792400 0000000000200031
0x0000007ead88c2b8:   00000000a60f40e0 0000007eb63cec56
0x0000007ead88c2c8:   0000007ead88c2c8 0000007ed5792400
0x0000007ead88c2d8:   0000007ead88c328 0000007ed57927e8
0x0000007ead88c2e8:   0000000000000000 00000000a60f4050
0x0000007ead88c2f8:   0000007ed5792400 0000000000000000
0x0000007ead88c308:   0000007ead88c330 0000007ead88c378
0x0000007ead88c318:   0000007eb63c9840 00000000a60f4050
0x0000007ead88c328:   0000007eb63cbf96 0000007ead88c330
0x0000007ead88c338:   0000007ed57925ff 0000007ead88c390
0x0000007ead88c348:   0000007ed57927e8 0000000000000000
0x0000007ead88c358:   00000000a60f4050 0000007ed5792678
0x0000007ead88c368:   0000007ead88c330 0000007ead88c388
0x0000007ead88c378:   0000007ead88c3e0 0000007eb63c95d0
0x0000007ead88c388:   0000000000000000 00000000a60f40e0 

Instructions: (pc=0x00007ffb98d42250)
0x00007ffb98d42230:   
[error occurred during error reporting (printing registers, top of stack, instructions near pc), id 0xc0000005, EXCEPTION_ACCESS_VIOLATION (0xc0000005) at pc=0x00007ffb796fe333]


---------------  P R O C E S S  ---------------

Threads class SMR info:
_java_thread_list=0x0000007ecddbcdc0, length=14, elements={
0x0000007eae10e000, 0x0000007ecb411800, 0x0000007ecb41c000, 0x0000007ecc184800,
0x0000007ecc18a000, 0x0000007ecc12c000, 0x0000007ecc1e2800, 0x0000007ecc1f4800,
0x0000007ecc364800, 0x0000007ece052800, 0x0000007ecdde9800, 0x0000007ed1382000,
0x0000007ecdbd2000, 0x0000007ecf6bf800
}

Java Threads: ( => current thread )
=>0x0000007eae10e000 JavaThread "main" [_thread_in_native, id=6220, stack(0x0000007ead790000,0x0000007ead890000)]
  0x0000007ecb411800 JavaThread "Reference Handler" daemon [_thread_blocked, id=7192, stack(0x0000007ecbf20000,0x0000007ecc020000)]
  0x0000007ecb41c000 JavaThread "Finalizer" daemon [_thread_blocked, id=2508, stack(0x0000007ecc020000,0x0000007ecc120000)]
  0x0000007ecc184800 JavaThread "Signal Dispatcher" daemon [_thread_blocked, id=5848, stack(0x0000007ecc520000,0x0000007ecc620000)]
  0x0000007ecc18a000 JavaThread "Attach Listener" daemon [_thread_blocked, id=6112, stack(0x0000007ecc620000,0x0000007ecc720000)]
  0x0000007ecc12c000 JavaThread "C2 CompilerThread0" daemon [_thread_blocked, id=4852, stack(0x0000007ecc720000,0x0000007ecc820000)]
  0x0000007ecc1e2800 JavaThread "C1 CompilerThread0" daemon [_thread_blocked, id=4980, stack(0x0000007ecc820000,0x0000007ecc920000)]
  0x0000007ecc1f4800 JavaThread "Sweeper thread" daemon [_thread_blocked, id=3752, stack(0x0000007ecc920000,0x0000007ecca20000)]
  0x0000007ecc364800 JavaThread "Common-Cleaner" daemon [_thread_blocked, id=6804, stack(0x0000007ecca20000,0x0000007eccb20000)]
  0x0000007ece052800 JavaThread "Service Thread" daemon [_thread_blocked, id=7260, stack(0x0000007ece3f0000,0x0000007ece4f0000)]
  0x0000007ecdde9800 JavaThread "ReaderThread" [_thread_in_native, id=4460, stack(0x0000007ed0120000,0x0000007ed0220000)]
  0x0000007ed1382000 JavaThread "ForkJoinPool.commonPool-worker-3" daemon [_thread_blocked, id=6304, stack(0x0000007ed30c0000,0x0000007ed31c0000)]
  0x0000007ecdbd2000 JavaThread "ForkJoinPool.commonPool-worker-5" daemon [_thread_blocked, id=7608, stack(0x0000007ed31c0000,0x0000007ed32c0000)]
  0x0000007ecf6bf800 JavaThread "ForkJoinPool.commonPool-worker-7" daemon [_thread_blocked, id=6604, stack(0x0000007ed3760000,0x0000007ed3860000)]

Other Threads:
  0x0000007ecb3eb000 VMThread "VM Thread" [stack: 0x0000007ecbe20000,0x0000007ecbf20000] [id=5660]
  0x0000007ecded1000 WatcherThread [stack: 0x0000007ece8f0000,0x0000007ece9f0000] [id=6784]
  0x0000007eae124000 GCTaskThread "GC Thread#0" [stack: 0x0000007eada70000,0x0000007eadb70000] [id=7432]
  0x0000007eccbd3800 GCTaskThread "GC Thread#1" [stack: 0x0000007ecd320000,0x0000007ecd420000] [id=4268]
  0x0000007ecdf4e800 GCTaskThread "GC Thread#2" [stack: 0x0000007ed0620000,0x0000007ed0720000] [id=4996]
  0x0000007ecdf82800 GCTaskThread "GC Thread#3" [stack: 0x0000007ed0720000,0x0000007ed0820000] [id=7988]
  0x0000007eae148000 ConcurrentGCThread "G1 Main Marker" [stack: 0x0000007ec8be0000,0x0000007ec8ce0000] [id=4476]
  0x0000007eae14b800 ConcurrentGCThread "G1 Conc#0" [stack: 0x0000007ec8ce0000,0x0000007ec8de0000] [id=6048]
  0x0000007ecb254800 ConcurrentGCThread "G1 Refine#0" [stack: 0x0000007ecb420000,0x0000007ecb520000] [id=2920]
  0x0000007ecce4f800 ConcurrentGCThread "G1 Refine#1" [stack: 0x0000007ed0820000,0x0000007ed0920000] [id=3932]
  0x0000007ecb256000 ConcurrentGCThread "G1 Young RemSet Sampling" [stack: 0x0000007ecb520000,0x0000007ecb620000] [id=6716]

Threads with active compile tasks:

VM state:not at safepoint (normal execution)

VM Mutex/Monitor currently owned by a thread: None

Heap address: 0x00000000a1c00000, size: 1508 MB, Compressed Oops mode: 32-bit
Narrow klass base: 0x0000000000000000, Narrow klass shift: 3
Compressed class space size: 1073741824 Address: 0x0000000100000000

Heap:
 garbage-first heap   total 118784K, used 76547K [0x00000000a1c00000, 0x0000000100000000)
  region size 1024K, 56 young (57344K), 6 survivors (6144K)
 Metaspace       used 51004K, capacity 52107K, committed 52144K, reserved 1095680K
  class space    used 6168K, capacity 6632K, committed 6656K, reserved 1048576K
Heap Regions: E=young(eden), S=young(survivor), O=old, HS=humongous(starts), HC=humongous(continues), CS=collection set, F=free, A=archive, TAMS=top-at-mark-start (previous, next)
|   0|0x00000000a1c00000, 0x00000000a1d00000, 0x00000000a1d00000|100%|HS|  |TAMS 0x00000000a1d00000, 0x00000000a1c00000| Complete 
|   1|0x00000000a1d00000, 0x00000000a1e00000, 0x00000000a1e00000|100%| O|  |TAMS 0x00000000a1e00000, 0x00000000a1d00000| Untracked 
|   2|0x00000000a1e00000, 0x00000000a1f00000, 0x00000000a1f00000|100%| O|  |TAMS 0x00000000a1f00000, 0x00000000a1e00000| Untracked 
|   3|0x00000000a1f00000, 0x00000000a2000000, 0x00000000a2000000|100%| O|  |TAMS 0x00000000a2000000, 0x00000000a1f00000| Untracked 
|   4|0x00000000a2000000, 0x00000000a2100000, 0x00000000a2100000|100%| O|  |TAMS 0x00000000a2100000, 0x00000000a2000000| Untracked 
|   5|0x00000000a2100000, 0x00000000a2200000, 0x00000000a2200000|100%| O|  |TAMS 0x00000000a2200000, 0x00000000a2100000| Untracked 
|   6|0x00000000a2200000, 0x00000000a2300000, 0x00000000a2300000|100%| O|  |TAMS 0x00000000a2300000, 0x00000000a2200000| Untracked 
|   7|0x00000000a2300000, 0x00000000a2400000, 0x00000000a2400000|100%| O|  |TAMS 0x00000000a2400000, 0x00000000a2300000| Untracked 
|   8|0x00000000a2400000, 0x00000000a2500000, 0x00000000a2500000|100%| O|  |TAMS 0x00000000a2500000, 0x00000000a2400000| Untracked 
|   9|0x00000000a2500000, 0x00000000a2600000, 0x00000000a2600000|100%| O|  |TAMS 0x00000000a2600000, 0x00000000a2500000| Untracked 
|  10|0x00000000a2600000, 0x00000000a2700000, 0x00000000a2700000|100%| O|  |TAMS 0x00000000a2700000, 0x00000000a2600000| Untracked 
|  11|0x00000000a2700000, 0x00000000a2800000, 0x00000000a2800000|100%| O|  |TAMS 0x00000000a2800000, 0x00000000a2700000| Untracked 
|  12|0x00000000a2800000, 0x00000000a2900000, 0x00000000a2900000|100%| O|  |TAMS 0x00000000a2900000, 0x00000000a2800000| Untracked 
|  13|0x00000000a2900000, 0x00000000a2a00000, 0x00000000a2a00000|100%| O|  |TAMS 0x00000000a2a00000, 0x00000000a2900000| Untracked 
|  14|0x00000000a2a00000, 0x00000000a2b00000, 0x00000000a2b00000|100%| O|  |TAMS 0x00000000a2b00000, 0x00000000a2a00000| Untracked 
|  15|0x00000000a2b00000, 0x00000000a2c00000, 0x00000000a2c00000|100%| O|  |TAMS 0x00000000a2bd9200, 0x00000000a2b00000| Untracked 
|  16|0x00000000a2c00000, 0x00000000a2d00000, 0x00000000a2d00000|100%| O|  |TAMS 0x00000000a2c00000, 0x00000000a2c00000| Untracked 
|  17|0x00000000a2d00000, 0x00000000a2e00000, 0x00000000a2e00000|100%| O|  |TAMS 0x00000000a2d00000, 0x00000000a2d00000| Untracked 
|  18|0x00000000a2e00000, 0x00000000a2f00000, 0x00000000a2f00000|100%| O|  |TAMS 0x00000000a2e00000, 0x00000000a2e00000| Untracked 
|  19|0x00000000a2f00000, 0x00000000a2fda200, 0x00000000a3000000| 85%| O|  |TAMS 0x00000000a2f00000, 0x00000000a2f00000| Untracked 
|  20|0x00000000a3000000, 0x00000000a3100000, 0x00000000a3100000|100%|HS|  |TAMS 0x00000000a3000000, 0x00000000a3000000| Complete 
|  21|0x00000000a3100000, 0x00000000a3100000, 0x00000000a3200000|  0%| F|  |TAMS 0x00000000a3100000, 0x00000000a3100000| Untracked 
|  22|0x00000000a3200000, 0x00000000a3200000, 0x00000000a3300000|  0%| F|  |TAMS 0x00000000a3200000, 0x00000000a3200000| Untracked 
|  23|0x00000000a3300000, 0x00000000a3300000, 0x00000000a3400000|  0%| F|  |TAMS 0x00000000a3300000, 0x00000000a3300000| Untracked 
|  24|0x00000000a3400000, 0x00000000a3400000, 0x00000000a3500000|  0%| F|  |TAMS 0x00000000a3400000, 0x00000000a3400000| Untracked 
|  25|0x00000000a3500000, 0x00000000a3500000, 0x00000000a3600000|  0%| F|  |TAMS 0x00000000a3500000, 0x00000000a3500000| Untracked 
|  26|0x00000000a3600000, 0x00000000a3600000, 0x00000000a3700000|  0%| F|  |TAMS 0x00000000a3600000, 0x00000000a3600000| Untracked 
|  27|0x00000000a3700000, 0x00000000a3700000, 0x00000000a3800000|  0%| F|  |TAMS 0x00000000a3700000, 0x00000000a3700000| Untracked 
|  28|0x00000000a3800000, 0x00000000a3800000, 0x00000000a3900000|  0%| F|  |TAMS 0x00000000a3800000, 0x00000000a3800000| Untracked 
|  29|0x00000000a3900000, 0x00000000a3900000, 0x00000000a3a00000|  0%| F|  |TAMS 0x00000000a3900000, 0x00000000a3900000| Untracked 
|  30|0x00000000a3a00000, 0x00000000a3a00000, 0x00000000a3b00000|  0%| F|  |TAMS 0x00000000a3a00000, 0x00000000a3a00000| Untracked 
|  31|0x00000000a3b00000, 0x00000000a3b00000, 0x00000000a3c00000|  0%| F|  |TAMS 0x00000000a3b00000, 0x00000000a3b00000| Untracked 
|  32|0x00000000a3c00000, 0x00000000a3c00000, 0x00000000a3d00000|  0%| F|  |TAMS 0x00000000a3c00000, 0x00000000a3c00000| Untracked 
|  33|0x00000000a3d00000, 0x00000000a3d00000, 0x00000000a3e00000|  0%| F|  |TAMS 0x00000000a3d00000, 0x00000000a3d00000| Untracked 
|  34|0x00000000a3e00000, 0x00000000a3e00000, 0x00000000a3f00000|  0%| F|  |TAMS 0x00000000a3e00000, 0x00000000a3e00000| Untracked 
|  35|0x00000000a3f00000, 0x00000000a3f00000, 0x00000000a4000000|  0%| F|  |TAMS 0x00000000a3f00000, 0x00000000a3f00000| Untracked 
|  36|0x00000000a4000000, 0x00000000a4000000, 0x00000000a4100000|  0%| F|  |TAMS 0x00000000a4000000, 0x00000000a4000000| Untracked 
|  37|0x00000000a4100000, 0x00000000a4100000, 0x00000000a4200000|  0%| F|  |TAMS 0x00000000a4100000, 0x00000000a4100000| Untracked 
|  38|0x00000000a4200000, 0x00000000a4200000, 0x00000000a4300000|  0%| F|  |TAMS 0x00000000a4200000, 0x00000000a4200000| Untracked 
|  39|0x00000000a4300000, 0x00000000a4300000, 0x00000000a4400000|  0%| F|  |TAMS 0x00000000a4300000, 0x00000000a4300000| Untracked 
|  40|0x00000000a4400000, 0x00000000a4400000, 0x00000000a4500000|  0%| F|  |TAMS 0x00000000a4400000, 0x00000000a4400000| Untracked 
|  41|0x00000000a4500000, 0x00000000a4500000, 0x00000000a4600000|  0%| F|  |TAMS 0x00000000a4500000, 0x00000000a4500000| Untracked 
|  42|0x00000000a4600000, 0x00000000a4600000, 0x00000000a4700000|  0%| F|  |TAMS 0x00000000a4600000, 0x00000000a4600000| Untracked 
|  43|0x00000000a4700000, 0x00000000a4700000, 0x00000000a4800000|  0%| F|  |TAMS 0x00000000a4700000, 0x00000000a4700000| Untracked 
|  44|0x00000000a4800000, 0x00000000a4800000, 0x00000000a4900000|  0%| F|  |TAMS 0x00000000a4800000, 0x00000000a4800000| Untracked 
|  45|0x00000000a4900000, 0x00000000a4900000, 0x00000000a4a00000|  0%| F|  |TAMS 0x00000000a4900000, 0x00000000a4900000| Untracked 
|  46|0x00000000a4a00000, 0x00000000a4a00000, 0x00000000a4b00000|  0%| F|  |TAMS 0x00000000a4a00000, 0x00000000a4a00000| Untracked 
|  47|0x00000000a4b00000, 0x00000000a4b00000, 0x00000000a4c00000|  0%| F|  |TAMS 0x00000000a4b00000, 0x00000000a4b00000| Untracked 
|  48|0x00000000a4c00000, 0x00000000a4c00000, 0x00000000a4d00000|  0%| F|  |TAMS 0x00000000a4c00000, 0x00000000a4c00000| Untracked 
|  49|0x00000000a4d00000, 0x00000000a4de6a78, 0x00000000a4e00000| 90%| S|CS|TAMS 0x00000000a4d00000, 0x00000000a4d00000| Complete 
|  50|0x00000000a4e00000, 0x00000000a4f00000, 0x00000000a4f00000|100%| S|CS|TAMS 0x00000000a4e00000, 0x00000000a4e00000| Complete 
|  51|0x00000000a4f00000, 0x00000000a5000000, 0x00000000a5000000|100%| S|CS|TAMS 0x00000000a4f00000, 0x00000000a4f00000| Complete 
|  52|0x00000000a5000000, 0x00000000a5100000, 0x00000000a5100000|100%| S|CS|TAMS 0x00000000a5000000, 0x00000000a5000000| Complete 
|  53|0x00000000a5100000, 0x00000000a5200000, 0x00000000a5200000|100%| S|CS|TAMS 0x00000000a5100000, 0x00000000a5100000| Complete 
|  54|0x00000000a5200000, 0x00000000a5300000, 0x00000000a5300000|100%| S|CS|TAMS 0x00000000a5200000, 0x00000000a5200000| Complete 
|  55|0x00000000a5300000, 0x00000000a5300000, 0x00000000a5400000|  0%| F|  |TAMS 0x00000000a5300000, 0x00000000a5300000| Untracked 
|  56|0x00000000a5400000, 0x00000000a5400000, 0x00000000a5500000|  0%| F|  |TAMS 0x00000000a5400000, 0x00000000a5400000| Untracked 
|  57|0x00000000a5500000, 0x00000000a5500000, 0x00000000a5600000|  0%| F|  |TAMS 0x00000000a5500000, 0x00000000a5500000| Untracked 
|  58|0x00000000a5600000, 0x00000000a5600000, 0x00000000a5700000|  0%| F|  |TAMS 0x00000000a5600000, 0x00000000a5600000| Untracked 
|  59|0x00000000a5700000, 0x00000000a5700000, 0x00000000a5800000|  0%| F|  |TAMS 0x00000000a5700000, 0x00000000a5700000| Untracked 
|  60|0x00000000a5800000, 0x00000000a5800000, 0x00000000a5900000|  0%| F|  |TAMS 0x00000000a5800000, 0x00000000a5800000| Untracked 
|  61|0x00000000a5900000, 0x00000000a5900000, 0x00000000a5a00000|  0%| F|  |TAMS 0x00000000a5900000, 0x00000000a5900000| Untracked 
|  62|0x00000000a5a00000, 0x00000000a5a00000, 0x00000000a5b00000|  0%| F|  |TAMS 0x00000000a5a00000, 0x00000000a5a00000| Untracked 
|  63|0x00000000a5b00000, 0x00000000a5b00000, 0x00000000a5c00000|  0%| F|  |TAMS 0x00000000a5b00000, 0x00000000a5b00000| Untracked 
|  64|0x00000000a5c00000, 0x00000000a5c00000, 0x00000000a5d00000|  0%| F|  |TAMS 0x00000000a5c00000, 0x00000000a5c00000| Untracked 
|  65|0x00000000a5d00000, 0x00000000a5d00000, 0x00000000a5e00000|  0%| F|  |TAMS 0x00000000a5d00000, 0x00000000a5d00000| Untracked 
|  66|0x00000000a5e00000, 0x00000000a5e8cf68, 0x00000000a5f00000| 55%| E|  |TAMS 0x00000000a5e00000, 0x00000000a5e00000| Complete 
|  67|0x00000000a5f00000, 0x00000000a6000000, 0x00000000a6000000|100%| E|CS|TAMS 0x00000000a5f00000, 0x00000000a5f00000| Complete 
|  68|0x00000000a6000000, 0x00000000a6100000, 0x00000000a6100000|100%| E|CS|TAMS 0x00000000a6000000, 0x00000000a6000000| Complete 
|  69|0x00000000a6100000, 0x00000000a6200000, 0x00000000a6200000|100%| E|CS|TAMS 0x00000000a6100000, 0x00000000a6100000| Complete 
|  70|0x00000000a6200000, 0x00000000a6300000, 0x00000000a6300000|100%| E|CS|TAMS 0x00000000a6200000, 0x00000000a6200000| Complete 
|  71|0x00000000a6300000, 0x00000000a6400000, 0x00000000a6400000|100%| E|CS|TAMS 0x00000000a6300000, 0x00000000a6300000| Complete 
|  72|0x00000000a6400000, 0x00000000a6500000, 0x00000000a6500000|100%| E|CS|TAMS 0x00000000a6400000, 0x00000000a6400000| Complete 
|  73|0x00000000a6500000, 0x00000000a6600000, 0x00000000a6600000|100%| E|CS|TAMS 0x00000000a6500000, 0x00000000a6500000| Complete 
|  74|0x00000000a6600000, 0x00000000a6700000, 0x00000000a6700000|100%| E|CS|TAMS 0x00000000a6600000, 0x00000000a6600000| Complete 
|  75|0x00000000a6700000, 0x00000000a6800000, 0x00000000a6800000|100%| E|CS|TAMS 0x00000000a6700000, 0x00000000a6700000| Complete 
|  76|0x00000000a6800000, 0x00000000a6900000, 0x00000000a6900000|100%| E|CS|TAMS 0x00000000a6800000, 0x00000000a6800000| Complete 
|  77|0x00000000a6900000, 0x00000000a6a00000, 0x00000000a6a00000|100%| E|CS|TAMS 0x00000000a6900000, 0x00000000a6900000| Complete 
|  78|0x00000000a6a00000, 0x00000000a6b00000, 0x00000000a6b00000|100%| E|CS|TAMS 0x00000000a6a00000, 0x00000000a6a00000| Complete 
|  79|0x00000000a6b00000, 0x00000000a6c00000, 0x00000000a6c00000|100%| E|CS|TAMS 0x00000000a6b00000, 0x00000000a6b00000| Complete 
|  80|0x00000000a6c00000, 0x00000000a6d00000, 0x00000000a6d00000|100%| E|CS|TAMS 0x00000000a6c00000, 0x00000000a6c00000| Complete 
|  81|0x00000000a6d00000, 0x00000000a6e00000, 0x00000000a6e00000|100%| E|CS|TAMS 0x00000000a6d00000, 0x00000000a6d00000| Complete 
|  82|0x00000000a6e00000, 0x00000000a6f00000, 0x00000000a6f00000|100%| E|CS|TAMS 0x00000000a6e00000, 0x00000000a6e00000| Complete 
|  83|0x00000000a6f00000, 0x00000000a7000000, 0x00000000a7000000|100%| E|  |TAMS 0x00000000a6f00000, 0x00000000a6f00000| Complete 
|  84|0x00000000a7000000, 0x00000000a7100000, 0x00000000a7100000|100%| E|CS|TAMS 0x00000000a7000000, 0x00000000a7000000| Complete 
|  85|0x00000000a7100000, 0x00000000a7200000, 0x00000000a7200000|100%| E|CS|TAMS 0x00000000a7100000, 0x00000000a7100000| Complete 
|  86|0x00000000a7200000, 0x00000000a7300000, 0x00000000a7300000|100%| E|CS|TAMS 0x00000000a7200000, 0x00000000a7200000| Complete 
|  87|0x00000000a7300000, 0x00000000a7400000, 0x00000000a7400000|100%| E|CS|TAMS 0x00000000a7300000, 0x00000000a7300000| Complete 
|  88|0x00000000a7400000, 0x00000000a7500000, 0x00000000a7500000|100%| E|CS|TAMS 0x00000000a7400000, 0x00000000a7400000| Complete 
|  89|0x00000000a7500000, 0x00000000a7600000, 0x00000000a7600000|100%| E|CS|TAMS 0x00000000a7500000, 0x00000000a7500000| Complete 
|  90|0x00000000a7600000, 0x00000000a7700000, 0x00000000a7700000|100%| E|CS|TAMS 0x00000000a7600000, 0x00000000a7600000| Complete 
|  91|0x00000000a7700000, 0x00000000a7800000, 0x00000000a7800000|100%| E|CS|TAMS 0x00000000a7700000, 0x00000000a7700000| Complete 
|  92|0x00000000a7800000, 0x00000000a7900000, 0x00000000a7900000|100%| E|CS|TAMS 0x00000000a7800000, 0x00000000a7800000| Complete 
|  93|0x00000000a7900000, 0x00000000a7a00000, 0x00000000a7a00000|100%| E|CS|TAMS 0x00000000a7900000, 0x00000000a7900000| Complete 
|  94|0x00000000a7a00000, 0x00000000a7b00000, 0x00000000a7b00000|100%| E|CS|TAMS 0x00000000a7a00000, 0x00000000a7a00000| Complete 
|  95|0x00000000a7b00000, 0x00000000a7c00000, 0x00000000a7c00000|100%| E|CS|TAMS 0x00000000a7b00000, 0x00000000a7b00000| Complete 
|  96|0x00000000a7c00000, 0x00000000a7d00000, 0x00000000a7d00000|100%| E|CS|TAMS 0x00000000a7c00000, 0x00000000a7c00000| Complete 
|  97|0x00000000a7d00000, 0x00000000a7e00000, 0x00000000a7e00000|100%| E|CS|TAMS 0x00000000a7d00000, 0x00000000a7d00000| Complete 
|  98|0x00000000a7e00000, 0x00000000a7f00000, 0x00000000a7f00000|100%| E|CS|TAMS 0x00000000a7e00000, 0x00000000a7e00000| Complete 
|  99|0x00000000a7f00000, 0x00000000a8000000, 0x00000000a8000000|100%| E|CS|TAMS 0x00000000a7f00000, 0x00000000a7f00000| Complete 
| 100|0x00000000a8000000, 0x00000000a8100000, 0x00000000a8100000|100%| E|CS|TAMS 0x00000000a8000000, 0x00000000a8000000| Complete 
| 101|0x00000000a8100000, 0x00000000a8200000, 0x00000000a8200000|100%| E|CS|TAMS 0x00000000a8100000, 0x00000000a8100000| Complete 
| 102|0x00000000a8200000, 0x00000000a8300000, 0x00000000a8300000|100%| E|CS|TAMS 0x00000000a8200000, 0x00000000a8200000| Complete 
| 103|0x00000000a8300000, 0x00000000a8400000, 0x00000000a8400000|100%| E|CS|TAMS 0x00000000a8300000, 0x00000000a8300000| Complete 
| 104|0x00000000a8400000, 0x00000000a8500000, 0x00000000a8500000|100%| E|CS|TAMS 0x00000000a8400000, 0x00000000a8400000| Complete 
| 105|0x00000000a8500000, 0x00000000a8600000, 0x00000000a8600000|100%| E|CS|TAMS 0x00000000a8500000, 0x00000000a8500000| Complete 
| 106|0x00000000a8600000, 0x00000000a8700000, 0x00000000a8700000|100%| E|CS|TAMS 0x00000000a8600000, 0x00000000a8600000| Complete 
| 107|0x00000000a8700000, 0x00000000a8800000, 0x00000000a8800000|100%| E|CS|TAMS 0x00000000a8700000, 0x00000000a8700000| Complete 
| 108|0x00000000a8800000, 0x00000000a8900000, 0x00000000a8900000|100%| E|CS|TAMS 0x00000000a8800000, 0x00000000a8800000| Complete 
| 109|0x00000000a8900000, 0x00000000a8a00000, 0x00000000a8a00000|100%| E|CS|TAMS 0x00000000a8900000, 0x00000000a8900000| Complete 
| 110|0x00000000a8a00000, 0x00000000a8b00000, 0x00000000a8b00000|100%| E|CS|TAMS 0x00000000a8a00000, 0x00000000a8a00000| Complete 
| 111|0x00000000a8b00000, 0x00000000a8c00000, 0x00000000a8c00000|100%| E|CS|TAMS 0x00000000a8b00000, 0x00000000a8b00000| Complete 
| 112|0x00000000a8c00000, 0x00000000a8d00000, 0x00000000a8d00000|100%| E|CS|TAMS 0x00000000a8c00000, 0x00000000a8c00000| Complete 
| 113|0x00000000a8d00000, 0x00000000a8e00000, 0x00000000a8e00000|100%| E|CS|TAMS 0x00000000a8d00000, 0x00000000a8d00000| Complete 
| 114|0x00000000a8e00000, 0x00000000a8f00000, 0x00000000a8f00000|100%| E|CS|TAMS 0x00000000a8e00000, 0x00000000a8e00000| Complete 
| 115|0x00000000a8f00000, 0x00000000a9000000, 0x00000000a9000000|100%| E|CS|TAMS 0x00000000a8f00000, 0x00000000a8f00000| Complete 

Card table byte_map: [0x0000007ec56c0000,0x0000007ec59c0000] _byte_map_base: 0x0000007ec51b2000

Marking Bits (Prev, Next): (CMBitMap*) 0x0000007eae140e18, (CMBitMap*) 0x0000007eae140e50
 Prev Bits: [0x0000007ec5cc0000, 0x0000007ec7450000)
 Next Bits: [0x0000007ec7450000, 0x0000007ec8be0000)

Polling page: 0x0000007eabee0000

Metaspace:

Usage:
  Non-class:     44.41 MB capacity,    43.79 MB ( 99%) used,   498.75 KB (  1%) free+waste,   139.56 KB ( <1%) overhead. 
      Class:      6.48 MB capacity,     6.02 MB ( 93%) used,   395.74 KB (  6%) free+waste,    68.13 KB (  1%) overhead. 
       Both:     50.89 MB capacity,    49.81 MB ( 98%) used,   894.49 KB (  2%) free+waste,   207.69 KB ( <1%) overhead. 

Virtual space:
  Non-class space:       46.00 MB reserved,      44.42 MB ( 97%) committed 
      Class space:        1.00 GB reserved,       6.50 MB ( <1%) committed 
             Both:        1.04 GB reserved,      50.92 MB (  5%) committed 

Chunk freelists:
   Non-Class:  1.63 KB
       Class:  3.00 KB
        Both:  4.63 KB

CodeHeap 'non-profiled nmethods': size=120064Kb used=4044Kb max_used=4044Kb free=116019Kb
 bounds [0x0000007ebde80000, 0x0000007ebe280000, 0x0000007ec53c0000]
CodeHeap 'profiled nmethods': size=120000Kb used=13120Kb max_used=13120Kb free=106879Kb
 bounds [0x0000007eb6950000, 0x0000007eb7630000, 0x0000007ebde80000]
CodeHeap 'non-nmethods': size=5696Kb used=1236Kb max_used=1279Kb free=4459Kb
 bounds [0x0000007eb63c0000, 0x0000007eb6630000, 0x0000007eb6950000]
 total_blobs=7947 nmethods=5731 adapters=509
 compilation: enabled
              stopped_count=0, restarted_count=0
 full_count=0

Compilation events (10 events):
Event: 22.007 Thread 0x0000007ecc1e2800 5798       3       java.util.HashMap::clear (50 bytes)
Event: 22.007 Thread 0x0000007ecc1e2800 nmethod 5798 0x0000007eb761e290 code [0x0000007eb761e460, 0x0000007eb761e878]
Event: 22.010 Thread 0x0000007ecc1e2800 5799       1       java.lang.ClassLoaderHelper::mapAlternativeName (2 bytes)
Event: 22.011 Thread 0x0000007ecc1e2800 nmethod 5799 0x0000007ebe268e90 code [0x0000007ebe269040, 0x0000007ebe269138]
Event: 22.017 Thread 0x0000007ecc1e2800 5800       3       java.io.File::<init> (113 bytes)
Event: 22.018 Thread 0x0000007ecc1e2800 nmethod 5800 0x0000007eb761e990 code [0x0000007eb761ec60, 0x0000007eb761f6d0]
Event: 22.018 Thread 0x0000007ecc1e2800 5802       3       java.lang.ClassLoader::loadLibrary0 (50 bytes)
Event: 22.019 Thread 0x0000007ecc1e2800 nmethod 5802 0x0000007eb761fa90 code [0x0000007eb761fca0, 0x0000007eb7620220]
Event: 22.019 Thread 0x0000007ecc1e2800 5804       3       java.lang.ClassLoader$2::<init> (10 bytes)
Event: 22.019 Thread 0x0000007ecc1e2800 nmethod 5804 0x0000007eb7620410 code [0x0000007eb76205c0, 0x0000007eb76207d8]

GC Heap History (10 events):
Event: 11.006 GC heap before
{Heap before GC invocations=14 (full 0):
 garbage-first heap   total 98304K, used 72160K [0x00000000a1c00000, 0x0000000100000000)
  region size 1024K, 57 young (58368K), 5 survivors (5120K)
 Metaspace       used 32284K, capacity 32887K, committed 33200K, reserved 1079296K
  class space    used 3774K, capacity 4027K, committed 4096K, reserved 1048576K
}
Event: 11.014 GC heap after
{Heap after GC invocations=15 (full 0):
 garbage-first heap   total 98304K, used 20621K [0x00000000a1c00000, 0x0000000100000000)
  region size 1024K, 6 young (6144K), 6 survivors (6144K)
 Metaspace       used 32284K, capacity 32887K, committed 33200K, reserved 1079296K
  class space    used 3774K, capacity 4027K, committed 4096K, reserved 1048576K
}
Event: 11.616 GC heap before
{Heap before GC invocations=15 (full 0):
 garbage-first heap   total 98304K, used 43149K [0x00000000a1c00000, 0x0000000100000000)
  region size 1024K, 29 young (29696K), 6 survivors (6144K)
 Metaspace       used 35123K, capacity 35774K, committed 35888K, reserved 1081344K
  class space    used 4091K, capacity 4370K, committed 4480K, reserved 1048576K
}
Event: 11.627 GC heap after
{Heap after GC invocations=16 (full 0):
 garbage-first heap   total 98304K, used 21602K [0x00000000a1c00000, 0x0000000100000000)
  region size 1024K, 6 young (6144K), 6 survivors (6144K)
 Metaspace       used 35123K, capacity 35774K, committed 35888K, reserved 1081344K
  class space    used 4091K, capacity 4370K, committed 4480K, reserved 1048576K
}
Event: 15.257 GC heap before
{Heap before GC invocations=17 (full 0):
 garbage-first heap   total 98304K, used 71778K [0x00000000a1c00000, 0x0000000100000000)
  region size 1024K, 55 young (56320K), 6 survivors (6144K)
 Metaspace       used 40537K, capacity 41511K, committed 41648K, reserved 1085440K
  class space    used 4916K, capacity 5284K, committed 5376K, reserved 1048576K
}
Event: 15.269 GC heap after
{Heap after GC invocations=18 (full 0):
 garbage-first heap   total 98304K, used 23651K [0x00000000a1c00000, 0x0000000100000000)
  region size 1024K, 5 young (5120K), 5 survivors (5120K)
 Metaspace       used 40537K, capacity 41511K, committed 41648K, reserved 1085440K
  class space    used 4916K, capacity 5284K, committed 5376K, reserved 1048576K
}
Event: 17.474 GC heap before
{Heap before GC invocations=18 (full 0):
 garbage-first heap   total 98304K, used 73827K [0x00000000a1c00000, 0x0000000100000000)
  region size 1024K, 54 young (55296K), 5 survivors (5120K)
 Metaspace       used 44766K, capacity 45829K, committed 46000K, reserved 1089536K
  class space    used 5392K, capacity 5812K, committed 5888K, reserved 1048576K
}
Event: 17.482 GC heap after
{Heap after GC invocations=19 (full 0):
 garbage-first heap   total 118784K, used 24056K [0x00000000a1c00000, 0x0000000100000000)
  region size 1024K, 4 young (4096K), 4 survivors (4096K)
 Metaspace       used 44766K, capacity 45829K, committed 46000K, reserved 1089536K
  class space    used 5392K, capacity 5812K, committed 5888K, reserved 1048576K
}
Event: 20.115 GC heap before
{Heap before GC invocations=19 (full 0):
 garbage-first heap   total 118784K, used 86520K [0x00000000a1c00000, 0x0000000100000000)
  region size 1024K, 65 young (66560K), 4 survivors (4096K)
 Metaspace       used 48212K, capacity 49402K, committed 49584K, reserved 1093632K
  class space    used 5814K, capacity 6289K, committed 6400K, reserved 1048576K
}
Event: 20.126 GC heap after
{Heap after GC invocations=20 (full 0):
 garbage-first heap   total 118784K, used 26371K [0x00000000a1c00000, 0x0000000100000000)
  region size 1024K, 6 young (6144K), 6 survivors (6144K)
 Metaspace       used 48212K, capacity 49402K, committed 49584K, reserved 1093632K
  class space    used 5814K, capacity 6289K, committed 6400K, reserved 1048576K
}

Deoptimization events (10 events):
Event: 20.934 Thread 0x0000007eae10e000 Uncommon trap: reason=unstable_if action=reinterpret pc=0x0000007ebe22e4d8 method=sun.security.util.DerInputStream.getLength(ILjava/io/InputStream;)I @ 51 c2
Event: 20.984 Thread 0x0000007eae10e000 Uncommon trap: reason=bimorphic_or_optimized_type_check action=maybe_recompile pc=0x0000007ebe1873a8 method=java.util.regex.Pattern$CharProperty.match(Ljava/util/regex/Matcher;ILjava/lang/CharSequence;)Z @ 21 c2
Event: 20.984 Thread 0x0000007eae10e000 Uncommon trap: reason=bimorphic_or_optimized_type_check action=maybe_recompile pc=0x0000007ebe1873a8 method=java.util.regex.Pattern$CharProperty.match(Ljava/util/regex/Matcher;ILjava/lang/CharSequence;)Z @ 21 c2
Event: 20.984 Thread 0x0000007eae10e000 Uncommon trap: reason=bimorphic_or_optimized_type_check action=maybe_recompile pc=0x0000007ebe1873a8 method=java.util.regex.Pattern$CharProperty.match(Ljava/util/regex/Matcher;ILjava/lang/CharSequence;)Z @ 21 c2
Event: 20.984 Thread 0x0000007eae10e000 Uncommon trap: reason=bimorphic_or_optimized_type_check action=maybe_recompile pc=0x0000007ebe1873a8 method=java.util.regex.Pattern$CharProperty.match(Ljava/util/regex/Matcher;ILjava/lang/CharSequence;)Z @ 21 c2
Event: 20.985 Thread 0x0000007eae10e000 Uncommon trap: reason=unstable_if action=reinterpret pc=0x0000007ebdec78e4 method=java.lang.String.isLatin1()Z @ 10 c2
Event: 20.986 Thread 0x0000007eae10e000 Uncommon trap: reason=unstable_if action=reinterpret pc=0x0000007ebe0dd5d8 method=java.io.ByteArrayInputStream.read()I @ 8 c2
Event: 21.432 Thread 0x0000007eae10e000 Uncommon trap: reason=unstable_if action=reinterpret pc=0x0000007ebe064b14 method=net.bytebuddy.jar.asm.signature.SignatureReader.accept(Lnet/bytebuddy/jar/asm/signature/SignatureVisitor;)V @ 196 c2
Event: 21.483 Thread 0x0000007eae10e000 Uncommon trap: reason=unstable_if action=reinterpret pc=0x0000007ebe184eb8 method=java.lang.reflect.AccessibleObject.checkAccess(Ljava/lang/Class;Ljava/lang/Class;Ljava/lang/Class;I)V @ 9 c2
Event: 21.514 Thread 0x0000007eae10e000 Uncommon trap: reason=unstable_if action=reinterpret pc=0x0000007ebe1caa60 method=java.io.WinNTFileSystem.prefixLength(Ljava/lang/String;)I @ 42 c2

Classes redefined (0 events):
No events

Internal exceptions (10 events):
Event: 19.983 Thread 0x0000007eae10e000 Implicit null exception at 0x0000007ebe214463 to 0x0000007ebe2145d2
Event: 21.581 Thread 0x0000007eae10e000 Exception <a 'java/lang/reflect/InvocationTargetException'{0x00000000a60b2588}> (0x00000000a60b2588) thrown at [t:/workspace/open/src/hotspot/share/runtime/reflection.cpp, line 1242]
Event: 22.003 Thread 0x0000007eae10e000 Exception <a 'java/lang/UnsatisfiedLinkError'{0x00000000a5fa8568}: io.netty.internal.tcnative.NativeStaticallyReferencedJniMethods.sslSessCacheClient()I> (0x00000000a5fa8568) thrown at [t:/workspace/open/src/hotspot/share/prims/nativeLookup.cpp, line 382]
Event: 22.003 Thread 0x0000007eae10e000 Exception <a 'java/lang/UnsatisfiedLinkError'{0x00000000a5fa8568}> (0x00000000a5fa8568) thrown at [t:/workspace/open/src/hotspot/share/oops/instanceKlass.cpp, line 1030]
Event: 22.003 Thread 0x0000007eae10e000 Exception <a 'java/lang/UnsatisfiedLinkError'{0x00000000a5fa8568}> (0x00000000a5fa8568) thrown at [t:/workspace/open/src/hotspot/share/prims/jni.cpp, line 615]
Event: 22.003 Thread 0x0000007eae10e000 Exception <a 'java/lang/reflect/InvocationTargetException'{0x00000000a5fa8d88}> (0x00000000a5fa8d88) thrown at [t:/workspace/open/src/hotspot/share/runtime/reflection.cpp, line 1242]
Event: 22.007 Thread 0x0000007eae10e000 Exception <a 'java/lang/NoClassDefFoundError'{0x00000000a5fa9708}: Could not initialize class io.netty.internal.tcnative.SSL> (0x00000000a5fa9708) thrown at [t:/workspace/open/src/hotspot/share/oops/instanceKlass.cpp, line 946]
Event: 22.007 Thread 0x0000007eae10e000 Exception <a 'java/lang/NoClassDefFoundError'{0x00000000a5fa9708}> (0x00000000a5fa9708) thrown at [t:/workspace/open/src/hotspot/share/prims/jni.cpp, line 615]
Event: 22.011 Thread 0x0000007eae10e000 Exception <a 'java/lang/reflect/InvocationTargetException'{0x00000000a5fb2148}> (0x00000000a5fb2148) thrown at [t:/workspace/open/src/hotspot/share/runtime/reflection.cpp, line 1242]
Event: 22.016 Thread 0x0000007eae10e000 Exception <a 'java/lang/reflect/InvocationTargetException'{0x00000000a5fd4cf0}> (0x00000000a5fd4cf0) thrown at [t:/workspace/open/src/hotspot/share/runtime/reflection.cpp, line 1242]

Events (10 events):
Event: 21.985 loading class io/netty/internal/tcnative/SSL
Event: 21.985 loading class io/netty/internal/tcnative/SSL done
Event: 22.019 loading class io/netty/handler/ssl/OpenSslEngine
Event: 22.019 loading class io/netty/handler/ssl/OpenSslEngine done
Event: 22.052 loading class io/netty/handler/ssl/ReferenceCountedOpenSslEngine
Event: 22.052 loading class io/netty/handler/ssl/ReferenceCountedOpenSslEngine done
Event: 22.065 loading class io/netty/handler/ssl/ApplicationProtocolAccessor
Event: 22.065 loading class io/netty/handler/ssl/ApplicationProtocolAccessor done
Event: 22.066 loading class javax/net/ssl/SSLEngine
Event: 22.066 loading class javax/net/ssl/SSLEngine done


Dynamic libraries:
0x00007ff6fb1e0000 - 0x00007ff6fb225000 	C:\Program Files\Java\jdk-11.0.1\bin\javaw.exe
0x00007ffbaab20000 - 0x00007ffbaaccd000 	C:\Windows\SYSTEM32\ntdll.dll
0x00007ffbaa3d0000 - 0x00007ffbaa50f000 	C:\Windows\system32\KERNEL32.DLL
0x00007ffba7f40000 - 0x00007ffba8055000 	C:\Windows\system32\KERNELBASE.dll
0x00007ffba9aa0000 - 0x00007ffba9c17000 	C:\Windows\system32\USER32.dll
0x00007ffba44a0000 - 0x00007ffba471b000 	C:\Windows\WinSxS\amd64_microsoft.windows.common-controls_6595b64144ccf1df_6.0.9600.19394_none_62486577ecb635cf\COMCTL32.dll
0x00007ffbaa650000 - 0x00007ffbaa79e000 	C:\Windows\system32\GDI32.dll
0x00007ffba9c20000 - 0x00007ffba9cca000 	C:\Windows\system32\msvcrt.dll
0x00007ffbaa1b0000 - 0x00007ffbaa1e6000 	C:\Windows\system32\IMM32.DLL
0x00007ffbaa9c0000 - 0x00007ffbaab11000 	C:\Windows\system32\MSCTF.dll
0x00007ffb9ade0000 - 0x00007ffb9adf6000 	C:\Program Files\Java\jdk-11.0.1\bin\vcruntime140.dll
0x00007ffba1a30000 - 0x00007ffba1a34000 	C:\Program Files\Java\jdk-11.0.1\bin\api-ms-win-crt-runtime-l1-1-0.dll
0x00007ffb9b860000 - 0x00007ffb9b864000 	C:\Program Files\Java\jdk-11.0.1\bin\api-ms-win-crt-string-l1-1-0.dll
0x00007ffb9afe0000 - 0x00007ffb9afe3000 	C:\Program Files\Java\jdk-11.0.1\bin\api-ms-win-crt-heap-l1-1-0.dll
0x00007ffb9add0000 - 0x00007ffb9add4000 	C:\Program Files\Java\jdk-11.0.1\bin\api-ms-win-crt-stdio-l1-1-0.dll
0x00007ffb9adc0000 - 0x00007ffb9adc4000 	C:\Program Files\Java\jdk-11.0.1\bin\api-ms-win-crt-convert-l1-1-0.dll
0x00007ffb99950000 - 0x00007ffb99a46000 	C:\Program Files\Java\jdk-11.0.1\bin\ucrtbase.DLL
0x00007ffb99590000 - 0x00007ffb9963a000 	C:\Program Files\Java\jdk-11.0.1\bin\msvcp140.dll
0x00007ffb9ad10000 - 0x00007ffb9ad13000 	C:\Program Files\Java\jdk-11.0.1\bin\api-ms-win-crt-locale-l1-1-0.dll
0x00007ffb99940000 - 0x00007ffb99945000 	C:\Program Files\Java\jdk-11.0.1\bin\api-ms-win-crt-math-l1-1-0.dll
0x00007ffb998a0000 - 0x00007ffb998a5000 	C:\Program Files\Java\jdk-11.0.1\bin\api-ms-win-crt-multibyte-l1-1-0.dll
0x00007ffb99890000 - 0x00007ffb99893000 	C:\Program Files\Java\jdk-11.0.1\bin\api-ms-win-crt-time-l1-1-0.dll
0x00007ffb99880000 - 0x00007ffb99883000 	C:\Program Files\Java\jdk-11.0.1\bin\api-ms-win-crt-filesystem-l1-1-0.dll
0x00007ffb99870000 - 0x00007ffb99873000 	C:\Program Files\Java\jdk-11.0.1\bin\api-ms-win-crt-environment-l1-1-0.dll
0x00007ffb99860000 - 0x00007ffb99863000 	C:\Program Files\Java\jdk-11.0.1\bin\api-ms-win-crt-utility-l1-1-0.dll
0x00007ffb790d0000 - 0x00007ffb79c11000 	C:\Program Files\Java\jdk-11.0.1\bin\server\jvm.dll
0x00007ffba9ee0000 - 0x00007ffba9f8d000 	C:\Windows\system32\ADVAPI32.dll
0x00007ffb9ffd0000 - 0x00007ffb9ffd9000 	C:\Windows\SYSTEM32\WSOCK32.dll
0x00007ffb9ffa0000 - 0x00007ffb9ffc2000 	C:\Windows\SYSTEM32\WINMM.dll
0x00007ffba02e0000 - 0x00007ffba02ea000 	C:\Windows\SYSTEM32\VERSION.dll
0x00007ffba96d0000 - 0x00007ffba96d7000 	C:\Windows\system32\PSAPI.DLL
0x00007ffbaa960000 - 0x00007ffbaa9bb000 	C:\Windows\SYSTEM32\sechost.dll
0x00007ffba97a0000 - 0x00007ffba98d6000 	C:\Windows\system32\RPCRT4.dll
0x00007ffba9d40000 - 0x00007ffba9d9a000 	C:\Windows\system32\WS2_32.dll
0x00007ffb9ffe0000 - 0x00007ffba000a000 	C:\Windows\SYSTEM32\WINMMBASE.dll
0x00007ffba8170000 - 0x00007ffba819e000 	C:\Windows\system32\SspiCli.dll
0x00007ffba9cd0000 - 0x00007ffba9cd9000 	C:\Windows\system32\NSI.dll
0x00007ffba7c90000 - 0x00007ffba7cdf000 	C:\Windows\SYSTEM32\cfgmgr32.dll
0x00007ffba69f0000 - 0x00007ffba6a18000 	C:\Windows\SYSTEM32\DEVOBJ.dll
0x00007ffb98890000 - 0x00007ffb988a1000 	C:\Program Files\Java\jdk-11.0.1\bin\verify.dll
0x00007ffba36f0000 - 0x00007ffba3879000 	C:\Windows\SYSTEM32\DBGHELP.DLL
0x00007ffb80870000 - 0x00007ffb80898000 	C:\Program Files\Java\jdk-11.0.1\bin\java.dll
0x00007ffb99830000 - 0x00007ffb9985f000 	C:\Program Files\Java\jdk-11.0.1\bin\instrument.dll
0x00007ffb98860000 - 0x00007ffb98876000 	C:\Program Files\Java\jdk-11.0.1\bin\zip.dll
0x00007ffba53a0000 - 0x00007ffba53aa000 	C:\Program Files\Java\jdk-11.0.1\bin\jimage.dll
0x00007ffba81a0000 - 0x00007ffba96cb000 	C:\Windows\system32\SHELL32.dll
0x00007ffba9f90000 - 0x00007ffbaa1a2000 	C:\Windows\SYSTEM32\combase.dll
0x00007ffba9ce0000 - 0x00007ffba9d34000 	C:\Windows\system32\SHLWAPI.dll
0x00007ffba5b10000 - 0x00007ffba5bc2000 	C:\Windows\SYSTEM32\SHCORE.dll
0x00007ffba7bc0000 - 0x00007ffba7bd5000 	C:\Windows\SYSTEM32\profapi.dll
0x00007ffb8a4d0000 - 0x00007ffb8a4e9000 	C:\Program Files\Java\jdk-11.0.1\bin\net.dll
0x00007ffb9e2c0000 - 0x00007ffb9e389000 	C:\Windows\SYSTEM32\WINHTTP.dll
0x00007ffba7400000 - 0x00007ffba7459000 	C:\Windows\system32\mswsock.dll
0x00007ffb82cd0000 - 0x00007ffb82ce3000 	C:\Program Files\Java\jdk-11.0.1\bin\nio.dll
0x00007ffba7200000 - 0x00007ffba72a4000 	C:\Windows\SYSTEM32\DNSAPI.dll
0x0000000056fe0000 - 0x0000000057006000 	C:\Program Files\Bonjour\mdnsNSP.dll
0x00007ffba2c70000 - 0x00007ffba2c9a000 	C:\Windows\SYSTEM32\Iphlpapi.DLL
0x00007ffba2c00000 - 0x00007ffba2c0a000 	C:\Windows\SYSTEM32\WINNSI.DLL
0x00007ffb9cbb0000 - 0x00007ffb9cbba000 	C:\Windows\System32\rasadhlp.dll
0x00007ffba2870000 - 0x00007ffba28db000 	C:\Windows\System32\fwpuclnt.dll
0x00007ffba7460000 - 0x00007ffba7480000 	C:\Windows\SYSTEM32\CRYPTSP.dll
0x00007ffba7080000 - 0x00007ffba70b6000 	C:\Windows\system32\rsaenh.dll
0x00007ffba76a0000 - 0x00007ffba76c6000 	C:\Windows\SYSTEM32\bcrypt.dll
0x00007ffba7190000 - 0x00007ffba71b1000 	C:\Windows\SYSTEM32\USERENV.dll
0x00007ffba79c0000 - 0x00007ffba7a23000 	C:\Windows\system32\bcryptprimitives.dll
0x00007ffba7a30000 - 0x00007ffba7a3b000 	C:\Windows\SYSTEM32\CRYPTBASE.dll
0x00007ffba2780000 - 0x00007ffba2796000 	C:\Windows\SYSTEM32\dhcpcsvc6.DLL
0x00007ffba28e0000 - 0x00007ffba28fa000 	C:\Windows\SYSTEM32\dhcpcsvc.DLL
0x00007ffba2510000 - 0x00007ffba251d000 	C:\Program Files\Java\jdk-11.0.1\bin\sunmscapi.dll
0x00007ffba7ce0000 - 0x00007ffba7f37000 	C:\Windows\system32\CRYPT32.dll
0x00007ffba7670000 - 0x00007ffba7695000 	C:\Windows\SYSTEM32\ncrypt.dll
0x00007ffba7c70000 - 0x00007ffba7c81000 	C:\Windows\system32\MSASN1.dll
0x00007ffba7630000 - 0x00007ffba7667000 	C:\Windows\SYSTEM32\NTASN1.dll
0x00007ffb8dc20000 - 0x00007ffb8dc47000 	C:\Program Files\Java\jdk-11.0.1\bin\sunec.dll
0x00007ffb9cf90000 - 0x00007ffb9cfa5000 	C:\Windows\system32\napinsp.dll
0x00007ffb9cf70000 - 0x00007ffb9cf8a000 	C:\Windows\system32\pnrpnsp.dll
0x00007ffba4320000 - 0x00007ffba433b000 	C:\Windows\system32\NLAapi.dll
0x00007ffb9cf60000 - 0x00007ffb9cf6d000 	C:\Windows\System32\winrnr.dll
0x00007ffb9cf40000 - 0x00007ffb9cf54000 	C:\Windows\system32\wshbth.dll
0x00007ffb99580000 - 0x00007ffb99589000 	C:\Program Files\Java\jdk-11.0.1\bin\management.dll
0x00007ffb99570000 - 0x00007ffb9957c000 	C:\Program Files\Java\jdk-11.0.1\bin\management_ext.dll

dbghelp: loaded successfully - version: 4.0.5 - missing functions: none
symbol engine: initialized successfully - sym options: 0x614 - pdb path: .;C:\Program Files\Java\jdk-11.0.1\bin;C:\Windows\SYSTEM32;C:\Windows\WinSxS\amd64_microsoft.windows.common-controls_6595b64144ccf1df_6.0.9600.19394_none_62486577ecb635cf;C:\Program Files\Java\jdk-11.0.1\bin\server;C:\Program Files\Bonjour;C:\Users\Chandru\AppData\Local\Temp

VM Arguments:
jvm_args: -ea -javaagent:C:\AbinBevDemo\Maz-automation\target/agent/zebrunner-agent.jar -Dfile.encoding=Cp1252 
java_command: org.testng.remote.RemoteTestNG -serport 1594 -protocol json -d C:\AbinBevDemo\Maz-automation\test-output C:\Users\Chandru\AppData\Local\Temp\testng-eclipse--1611112882\testng-customsuite.xml
java_class_path (initial): E:\Test leaf\eclipse\configuration\org.eclipse.osgi\522\0\.cp\lib\testng-remote.jar;C:\AbinBevDemo\Maz-automation\target\test-classes;C:\AbinBevDemo\Maz-automation\target\classes;C:\Users\Chandru\.m2\repository\javax\activation\activation\1.1\activation-1.1.jar;C:\Users\Chandru\.m2\repository\javax\xml\bind\jaxb-api\2.2.2\jaxb-api-2.2.2.jar;C:\Users\Chandru\.m2\repository\javax\xml\stream\stax-api\1.0-2\stax-api-1.0-2.jar;C:\Users\Chandru\.m2\repository\javax\mail\mailapi\1.4.3\mailapi-1.4.3.jar;C:\Users\Chandru\.m2\repository\javax\ws\rs\jsr311-api\1.1.1\jsr311-api-1.1.1.jar;C:\Users\Chandru\.m2\repository\com\qaprosoft\carina-core\7.3.15\carina-core-7.3.15.jar;C:\Users\Chandru\.m2\repository\com\qaprosoft\carina-dataprovider\7.3.15\carina-dataprovider-7.3.15.jar;C:\Users\Chandru\.m2\repository\com\qaprosoft\carina-commons\7.3.15\carina-commons-7.3.15.jar;C:\Users\Chandru\.m2\repository\org\seleniumhq\selenium\selenium-api\3.141.59\selenium-api-3.141.59.jar;C:\Users\Chandru\.m2\repository\org\slf4j\slf4j-log4j12\1.7.30\slf4j-log4j12-1.7.30.jar;C:\Users\Chandru\.m2\repository\org\slf4j\slf4j-api\1.7.30\slf4j-api-1.7.30.jar;C:\Users\Chandru\.m2\repository\log4j\log4j\1.2.17\log4j-1.2.17.jar;C:\Users\Chandru\.m2\repository\org\testng\testng\7.4.0\testng-7.4.0.jar;C:\Users\Chandru\.m2\repository\com\beust\jcommander\1.78\jcommander-1.78.jar;C:\Users\Chandru\.m2\repository\org\webjars\jquery\3.5.1\jquery-3.5.1.jar;C:\Users\Chandru\.m2\repository\com\qaprosoft\carina-utils\7.3.15\carina-utils-7.3.15.jar;C:\Users\Chandru\.m2\repository\com\qaprosoft\carina-crypto\7.3.15\carina-crypto-7.3.15.jar;C:\Users\Chandru\.m2\repository\commons-cli\commons-cli\1.2\commons-cli-1.2.jar;C:\Users\Chandru\.m2\repository\commons-io\commons-io\2.7\commons-io-2.7.jar;C:\Users\Chandru\.m2\repository\org\apache\commons\commons-lang3\3.5\commons-lang3-3.5.jar;C:\Users\Chandru\.m2\repository\commons-codec\commons-codec\1.9\commons-codec-1.9.jar;C:\Users\Chandru\.m2\
Launcher Type: SUN_STANDARD

[Global flags]
     intx CICompilerCount                          = 3                                         {product} {ergonomic}
     uint ConcGCThreads                            = 1                                         {product} {ergonomic}
     uint G1ConcRefinementThreads                  = 4                                         {product} {ergonomic}
   size_t G1HeapRegionSize                         = 1048576                                   {product} {ergonomic}
    uintx GCDrainStackTargetSize                   = 64                                        {product} {ergonomic}
   size_t InitialHeapSize                          = 100663296                                 {product} {ergonomic}
   size_t MarkStackSize                            = 4194304                                   {product} {ergonomic}
   size_t MaxHeapSize                              = 1581252608                                {product} {ergonomic}
   size_t MaxNewSize                               = 947912704                                 {product} {ergonomic}
   size_t MinHeapDeltaBytes                        = 1048576                                   {product} {ergonomic}
    uintx NonNMethodCodeHeapSize                   = 5830092                                {pd product} {ergonomic}
    uintx NonProfiledCodeHeapSize                  = 122914074                              {pd product} {ergonomic}
    uintx ProfiledCodeHeapSize                     = 122914074                              {pd product} {ergonomic}
    uintx ReservedCodeCacheSize                    = 251658240                              {pd product} {ergonomic}
     bool SegmentedCodeCache                       = true                                      {product} {ergonomic}
     bool UseCompressedClassPointers               = true                                 {lp64_product} {ergonomic}
     bool UseCompressedOops                        = true                                 {lp64_product} {ergonomic}
     bool UseG1GC                                  = true                                      {product} {ergonomic}
     bool UseLargePagesIndividualAllocation        = false                                  {pd product} {ergonomic}

Logging:
Log output configuration:
 #0: stdout all=warning uptime,level,tags
 #1: stderr all=off uptime,level,tags

Environment Variables:
JAVA_HOME=C:\Program Files\Java\jdk-11.0.1
PATH=C:/Program Files/Java/jdk-11.0.1/bin/server;C:/Program Files/Java/jdk-11.0.1/bin;C:\Program Files\Java\jdk-11.0.1\bin;C:\Program Files (x86)\Common Files\Oracle\Java\javapath;C:\oraclexe\app\oracle\product\10.2.0\server\bin;C:\ProgramData\Oracle\Java\javapath;C:\Windows\system32;C:\Windows;C:\Windows\System32\Wbem;C:\Windows\System32\WindowsPowerShell\v1.0\;C:\Program Files\Microsoft\Web Platform Installer\;C:\Program Files (x86)\Microsoft ASP.NET\ASP.NET Web Pages\v1.0\;C:\Program Files (x86)\Windows Kits\8.0\Windows Performance Toolkit\;C:\Program Files\Microsoft SQL Server\110\Tools\Binn\;C:\Program Files\PuTTY\;C:\Program Files\MySQL\MySQL Utilities 1.6\;C:\Program Files\Git\bin;C:\Program Files\Git\cmd;C:\Users\Chandru\Downloads\apache-maven-3.6.3\bin;C:\Program Files (x86)\nodejs\;E:\Users\Chandru\Anaconda3;E:\Users\Chandru\Anaconda3\Library\mingw-w64\bin;E:\Users\Chandru\Anaconda3\Library\usr\bin;E:\Users\Chandru\Anaconda3\Library\bin;E:\Users\Chandru\Anaconda3\Scripts;C:\Users\Chandru\Anaconda3;C:\Users\Chandru\Anaconda3\Library\mingw-w64\bin;C:\Users\Chandru\Anaconda3\Library\usr\bin;C:\Users\Chandru\Anaconda3\Library\bin;C:\Users\Chandru\Anaconda3\Scripts;C:\Program Files\Java\jdk1.8.0_111\bin;C:\Program Files (x86)\Microsoft VS Code\bin;C:\Program Files\Java\jdk1.8.0_181\bin;C:\Program Files\Java\jre1.8.0_181\bin;C:\Users\Chandru\AppData\Roaming\npm;E:\Test leaf\eclipse;
USERNAME=Chandru
OS=Windows_NT
PROCESSOR_IDENTIFIER=Intel64 Family 6 Model 58 Stepping 9, GenuineIntel



---------------  S Y S T E M  ---------------

OS: Windows 8.1 , 64 bit Build 9600 (6.3.9600.20237)

CPU:total 4 (initial active 4) (2 cores per cpu, 2 threads per core) family 6 model 58 stepping 9, cmov, cx8, fxsr, mmx, sse, sse2, sse3, ssse3, sse4.1, sse4.2, popcnt, avx, clmul, erms, ht, tsc, tscinvbit, tscinv

Memory: 4k page, system-wide physical 6026M (1520M free)
TotalPageFile size 7498M (AvailPageFile size 1756M)
current process WorkingSet (physical memory assigned to process): 247M, peak: 263M
current process commit charge ("private bytes"): 292M, peak: 306M

vm_info: OpenJDK 64-Bit Server VM (11.0.1+13) for windows-amd64 JRE (11.0.1+13), built on Oct  6 2018 13:18:13 by "mach5one" with MS VC++ 15.5 (VS2017)

END.
